[2018-05-09T10:26:48,875][INFO ][o.e.n.Node               ] [] initializing ...
[2018-05-09T10:26:48,954][INFO ][o.e.e.NodeEnvironment    ] [EpSLy7b] using [1] data paths, mounts [[/ (/dev/sda1)]], net usable_space [108.1gb], net total_space [133.8gb], spins? [no], types [ext4]
[2018-05-09T10:26:48,954][INFO ][o.e.e.NodeEnvironment    ] [EpSLy7b] heap size [1.9gb], compressed ordinary object pointers [true]
[2018-05-09T10:26:48,964][INFO ][o.e.n.Node               ] node name [EpSLy7b] derived from node ID [EpSLy7b8QCCFCKin_4aF-g]; set [node.name] to override
[2018-05-09T10:26:48,967][INFO ][o.e.n.Node               ] version[5.1.1], pid[25468], build[5395e21/2016-12-06T12:36:15.409Z], OS[Linux/4.13.0-39-generic/amd64], JVM[Oracle Corporation/OpenJDK 64-Bit Server VM/1.8.0_162/25.162-b12]
[2018-05-09T10:26:49,810][INFO ][o.e.p.PluginsService     ] [EpSLy7b] loaded module [aggs-matrix-stats]
[2018-05-09T10:26:49,810][INFO ][o.e.p.PluginsService     ] [EpSLy7b] loaded module [ingest-common]
[2018-05-09T10:26:49,811][INFO ][o.e.p.PluginsService     ] [EpSLy7b] loaded module [lang-expression]
[2018-05-09T10:26:49,811][INFO ][o.e.p.PluginsService     ] [EpSLy7b] loaded module [lang-groovy]
[2018-05-09T10:26:49,811][INFO ][o.e.p.PluginsService     ] [EpSLy7b] loaded module [lang-mustache]
[2018-05-09T10:26:49,812][INFO ][o.e.p.PluginsService     ] [EpSLy7b] loaded module [lang-painless]
[2018-05-09T10:26:49,812][INFO ][o.e.p.PluginsService     ] [EpSLy7b] loaded module [percolator]
[2018-05-09T10:26:49,812][INFO ][o.e.p.PluginsService     ] [EpSLy7b] loaded module [reindex]
[2018-05-09T10:26:49,813][INFO ][o.e.p.PluginsService     ] [EpSLy7b] loaded module [transport-netty3]
[2018-05-09T10:26:49,813][INFO ][o.e.p.PluginsService     ] [EpSLy7b] loaded module [transport-netty4]
[2018-05-09T10:26:49,813][INFO ][o.e.p.PluginsService     ] [EpSLy7b] no plugins loaded
[2018-05-09T10:26:51,840][INFO ][o.e.n.Node               ] initialized
[2018-05-09T10:26:51,840][INFO ][o.e.n.Node               ] [EpSLy7b] starting ...
[2018-05-09T10:26:52,313][INFO ][o.e.t.TransportService   ] [EpSLy7b] publish_address {127.0.0.1:9300}, bound_addresses {[::1]:9300}, {127.0.0.1:9300}
[2018-05-09T10:26:52,321][WARN ][o.e.b.BootstrapCheck     ] [EpSLy7b] max virtual memory areas vm.max_map_count [65530] is too low, increase to at least [262144]
[2018-05-09T10:26:55,562][INFO ][o.e.c.s.ClusterService   ] [EpSLy7b] new_master {EpSLy7b}{EpSLy7b8QCCFCKin_4aF-g}{6veHxWt0ShCug5-aLJsY7A}{127.0.0.1}{127.0.0.1:9300}, reason: zen-disco-elected-as-master ([0] nodes joined)
[2018-05-09T10:26:55,654][INFO ][o.e.h.HttpServer         ] [EpSLy7b] publish_address {127.0.0.1:9200}, bound_addresses {[::1]:9200}, {127.0.0.1:9200}
[2018-05-09T10:26:55,654][INFO ][o.e.n.Node               ] [EpSLy7b] started
[2018-05-09T10:26:55,977][INFO ][o.e.g.GatewayService     ] [EpSLy7b] recovered [1] indices into cluster_state
[2018-05-09T10:26:56,429][WARN ][r.suppressed             ] path: /quchempedia_index/log_file/3, params: {index=quchempedia_index, id=3, type=log_file}
org.elasticsearch.action.NoShardAvailableActionException: No shard available for [get [quchempedia_index][log_file][3]: routing [null]]
	at org.elasticsearch.action.support.single.shard.TransportSingleShardAction$AsyncSingleAction.perform(TransportSingleShardAction.java:209) [elasticsearch-5.1.1.jar:5.1.1]
	at org.elasticsearch.action.support.single.shard.TransportSingleShardAction$AsyncSingleAction.onFailure(TransportSingleShardAction.java:196) [elasticsearch-5.1.1.jar:5.1.1]
	at org.elasticsearch.action.support.single.shard.TransportSingleShardAction$AsyncSingleAction.access$1300(TransportSingleShardAction.java:123) [elasticsearch-5.1.1.jar:5.1.1]
	at org.elasticsearch.action.support.single.shard.TransportSingleShardAction$AsyncSingleAction$2.handleException(TransportSingleShardAction.java:252) [elasticsearch-5.1.1.jar:5.1.1]
	at org.elasticsearch.transport.TransportService$ContextRestoreResponseHandler.handleException(TransportService.java:984) [elasticsearch-5.1.1.jar:5.1.1]
	at org.elasticsearch.transport.TransportService$DirectResponseChannel.processException(TransportService.java:1091) [elasticsearch-5.1.1.jar:5.1.1]
	at org.elasticsearch.transport.TransportService$DirectResponseChannel.sendResponse(TransportService.java:1069) [elasticsearch-5.1.1.jar:5.1.1]
	at org.elasticsearch.transport.TransportService$6.onFailure(TransportService.java:588) [elasticsearch-5.1.1.jar:5.1.1]
	at org.elasticsearch.common.util.concurrent.ThreadContext$ContextPreservingAbstractRunnable.onFailure(ThreadContext.java:512) [elasticsearch-5.1.1.jar:5.1.1]
	at org.elasticsearch.common.util.concurrent.AbstractRunnable.run(AbstractRunnable.java:39) [elasticsearch-5.1.1.jar:5.1.1]
	at java.util.concurrent.ThreadPoolExecutor.runWorker(ThreadPoolExecutor.java:1149) [?:1.8.0_162]
	at java.util.concurrent.ThreadPoolExecutor$Worker.run(ThreadPoolExecutor.java:624) [?:1.8.0_162]
	at java.lang.Thread.run(Thread.java:748) [?:1.8.0_162]
Caused by: org.elasticsearch.transport.RemoteTransportException: [EpSLy7b][127.0.0.1:9300][indices:data/read/get[s]]
Caused by: org.elasticsearch.index.shard.ShardNotFoundException: no such shard
	at org.elasticsearch.index.IndexService.getShard(IndexService.java:208) ~[elasticsearch-5.1.1.jar:5.1.1]
	at org.elasticsearch.action.get.TransportGetAction.shardOperation(TransportGetAction.java:89) ~[elasticsearch-5.1.1.jar:5.1.1]
	at org.elasticsearch.action.get.TransportGetAction.shardOperation(TransportGetAction.java:44) ~[elasticsearch-5.1.1.jar:5.1.1]
	at org.elasticsearch.action.support.single.shard.TransportSingleShardAction$ShardTransportHandler.messageReceived(TransportSingleShardAction.java:294) ~[elasticsearch-5.1.1.jar:5.1.1]
	at org.elasticsearch.action.support.single.shard.TransportSingleShardAction$ShardTransportHandler.messageReceived(TransportSingleShardAction.java:287) ~[elasticsearch-5.1.1.jar:5.1.1]
	at org.elasticsearch.transport.TransportRequestHandler.messageReceived(TransportRequestHandler.java:33) ~[elasticsearch-5.1.1.jar:5.1.1]
	at org.elasticsearch.transport.RequestHandlerRegistry.processMessageReceived(RequestHandlerRegistry.java:69) ~[elasticsearch-5.1.1.jar:5.1.1]
	at org.elasticsearch.transport.TransportService$6.doRun(TransportService.java:577) ~[elasticsearch-5.1.1.jar:5.1.1]
	at org.elasticsearch.common.util.concurrent.ThreadContext$ContextPreservingAbstractRunnable.doRun(ThreadContext.java:527) ~[elasticsearch-5.1.1.jar:5.1.1]
	at org.elasticsearch.common.util.concurrent.AbstractRunnable.run(AbstractRunnable.java:37) ~[elasticsearch-5.1.1.jar:5.1.1]
	... 3 more
[2018-05-09T10:26:56,483][WARN ][r.suppressed             ] path: /quchempedia_index/log_file/3, params: {index=quchempedia_index, id=3, type=log_file}
org.elasticsearch.action.NoShardAvailableActionException: No shard available for [get [quchempedia_index][log_file][3]: routing [null]]
	at org.elasticsearch.action.support.single.shard.TransportSingleShardAction$AsyncSingleAction.perform(TransportSingleShardAction.java:209) [elasticsearch-5.1.1.jar:5.1.1]
	at org.elasticsearch.action.support.single.shard.TransportSingleShardAction$AsyncSingleAction.onFailure(TransportSingleShardAction.java:196) [elasticsearch-5.1.1.jar:5.1.1]
	at org.elasticsearch.action.support.single.shard.TransportSingleShardAction$AsyncSingleAction.access$1300(TransportSingleShardAction.java:123) [elasticsearch-5.1.1.jar:5.1.1]
	at org.elasticsearch.action.support.single.shard.TransportSingleShardAction$AsyncSingleAction$2.handleException(TransportSingleShardAction.java:252) [elasticsearch-5.1.1.jar:5.1.1]
	at org.elasticsearch.transport.TransportService$ContextRestoreResponseHandler.handleException(TransportService.java:984) [elasticsearch-5.1.1.jar:5.1.1]
	at org.elasticsearch.transport.TransportService$DirectResponseChannel.processException(TransportService.java:1091) [elasticsearch-5.1.1.jar:5.1.1]
	at org.elasticsearch.transport.TransportService$DirectResponseChannel.sendResponse(TransportService.java:1069) [elasticsearch-5.1.1.jar:5.1.1]
	at org.elasticsearch.transport.TransportService$6.onFailure(TransportService.java:588) [elasticsearch-5.1.1.jar:5.1.1]
	at org.elasticsearch.common.util.concurrent.ThreadContext$ContextPreservingAbstractRunnable.onFailure(ThreadContext.java:512) [elasticsearch-5.1.1.jar:5.1.1]
	at org.elasticsearch.common.util.concurrent.AbstractRunnable.run(AbstractRunnable.java:39) [elasticsearch-5.1.1.jar:5.1.1]
	at java.util.concurrent.ThreadPoolExecutor.runWorker(ThreadPoolExecutor.java:1149) [?:1.8.0_162]
	at java.util.concurrent.ThreadPoolExecutor$Worker.run(ThreadPoolExecutor.java:624) [?:1.8.0_162]
	at java.lang.Thread.run(Thread.java:748) [?:1.8.0_162]
Caused by: org.elasticsearch.transport.RemoteTransportException: [EpSLy7b][127.0.0.1:9300][indices:data/read/get[s]]
Caused by: org.elasticsearch.index.shard.IllegalIndexShardStateException: CurrentState[RECOVERING] operations only allowed when shard state is one of [POST_RECOVERY, STARTED, RELOCATED]
	at org.elasticsearch.index.shard.IndexShard.readAllowed(IndexShard.java:1098) ~[elasticsearch-5.1.1.jar:5.1.1]
	at org.elasticsearch.index.shard.IndexShard.get(IndexShard.java:611) ~[elasticsearch-5.1.1.jar:5.1.1]
	at org.elasticsearch.index.get.ShardGetService.innerGet(ShardGetService.java:165) ~[elasticsearch-5.1.1.jar:5.1.1]
	at org.elasticsearch.index.get.ShardGetService.get(ShardGetService.java:83) ~[elasticsearch-5.1.1.jar:5.1.1]
	at org.elasticsearch.action.get.TransportGetAction.shardOperation(TransportGetAction.java:95) ~[elasticsearch-5.1.1.jar:5.1.1]
	at org.elasticsearch.action.get.TransportGetAction.shardOperation(TransportGetAction.java:44) ~[elasticsearch-5.1.1.jar:5.1.1]
	at org.elasticsearch.action.support.single.shard.TransportSingleShardAction$ShardTransportHandler.messageReceived(TransportSingleShardAction.java:294) ~[elasticsearch-5.1.1.jar:5.1.1]
	at org.elasticsearch.action.support.single.shard.TransportSingleShardAction$ShardTransportHandler.messageReceived(TransportSingleShardAction.java:287) ~[elasticsearch-5.1.1.jar:5.1.1]
	at org.elasticsearch.transport.TransportRequestHandler.messageReceived(TransportRequestHandler.java:33) ~[elasticsearch-5.1.1.jar:5.1.1]
	at org.elasticsearch.transport.RequestHandlerRegistry.processMessageReceived(RequestHandlerRegistry.java:69) ~[elasticsearch-5.1.1.jar:5.1.1]
	at org.elasticsearch.transport.TransportService$6.doRun(TransportService.java:577) ~[elasticsearch-5.1.1.jar:5.1.1]
	at org.elasticsearch.common.util.concurrent.ThreadContext$ContextPreservingAbstractRunnable.doRun(ThreadContext.java:527) ~[elasticsearch-5.1.1.jar:5.1.1]
	at org.elasticsearch.common.util.concurrent.AbstractRunnable.run(AbstractRunnable.java:37) ~[elasticsearch-5.1.1.jar:5.1.1]
	... 3 more
[2018-05-09T10:26:56,499][WARN ][r.suppressed             ] path: /quchempedia_index/log_file/3, params: {index=quchempedia_index, id=3, type=log_file}
org.elasticsearch.action.NoShardAvailableActionException: No shard available for [get [quchempedia_index][log_file][3]: routing [null]]
	at org.elasticsearch.action.support.single.shard.TransportSingleShardAction$AsyncSingleAction.perform(TransportSingleShardAction.java:209) [elasticsearch-5.1.1.jar:5.1.1]
	at org.elasticsearch.action.support.single.shard.TransportSingleShardAction$AsyncSingleAction.onFailure(TransportSingleShardAction.java:196) [elasticsearch-5.1.1.jar:5.1.1]
	at org.elasticsearch.action.support.single.shard.TransportSingleShardAction$AsyncSingleAction.access$1300(TransportSingleShardAction.java:123) [elasticsearch-5.1.1.jar:5.1.1]
	at org.elasticsearch.action.support.single.shard.TransportSingleShardAction$AsyncSingleAction$2.handleException(TransportSingleShardAction.java:252) [elasticsearch-5.1.1.jar:5.1.1]
	at org.elasticsearch.transport.TransportService$ContextRestoreResponseHandler.handleException(TransportService.java:984) [elasticsearch-5.1.1.jar:5.1.1]
	at org.elasticsearch.transport.TransportService$DirectResponseChannel.processException(TransportService.java:1091) [elasticsearch-5.1.1.jar:5.1.1]
	at org.elasticsearch.transport.TransportService$DirectResponseChannel.sendResponse(TransportService.java:1069) [elasticsearch-5.1.1.jar:5.1.1]
	at org.elasticsearch.transport.TransportService$6.onFailure(TransportService.java:588) [elasticsearch-5.1.1.jar:5.1.1]
	at org.elasticsearch.common.util.concurrent.ThreadContext$ContextPreservingAbstractRunnable.onFailure(ThreadContext.java:512) [elasticsearch-5.1.1.jar:5.1.1]
	at org.elasticsearch.common.util.concurrent.AbstractRunnable.run(AbstractRunnable.java:39) [elasticsearch-5.1.1.jar:5.1.1]
	at java.util.concurrent.ThreadPoolExecutor.runWorker(ThreadPoolExecutor.java:1149) [?:1.8.0_162]
	at java.util.concurrent.ThreadPoolExecutor$Worker.run(ThreadPoolExecutor.java:624) [?:1.8.0_162]
	at java.lang.Thread.run(Thread.java:748) [?:1.8.0_162]
Caused by: org.elasticsearch.transport.RemoteTransportException: [EpSLy7b][127.0.0.1:9300][indices:data/read/get[s]]
Caused by: org.elasticsearch.index.shard.IllegalIndexShardStateException: CurrentState[RECOVERING] operations only allowed when shard state is one of [POST_RECOVERY, STARTED, RELOCATED]
	at org.elasticsearch.index.shard.IndexShard.readAllowed(IndexShard.java:1098) ~[elasticsearch-5.1.1.jar:5.1.1]
	at org.elasticsearch.index.shard.IndexShard.get(IndexShard.java:611) ~[elasticsearch-5.1.1.jar:5.1.1]
	at org.elasticsearch.index.get.ShardGetService.innerGet(ShardGetService.java:165) ~[elasticsearch-5.1.1.jar:5.1.1]
	at org.elasticsearch.index.get.ShardGetService.get(ShardGetService.java:83) ~[elasticsearch-5.1.1.jar:5.1.1]
	at org.elasticsearch.action.get.TransportGetAction.shardOperation(TransportGetAction.java:95) ~[elasticsearch-5.1.1.jar:5.1.1]
	at org.elasticsearch.action.get.TransportGetAction.shardOperation(TransportGetAction.java:44) ~[elasticsearch-5.1.1.jar:5.1.1]
	at org.elasticsearch.action.support.single.shard.TransportSingleShardAction$ShardTransportHandler.messageReceived(TransportSingleShardAction.java:294) ~[elasticsearch-5.1.1.jar:5.1.1]
	at org.elasticsearch.action.support.single.shard.TransportSingleShardAction$ShardTransportHandler.messageReceived(TransportSingleShardAction.java:287) ~[elasticsearch-5.1.1.jar:5.1.1]
	at org.elasticsearch.transport.TransportRequestHandler.messageReceived(TransportRequestHandler.java:33) ~[elasticsearch-5.1.1.jar:5.1.1]
	at org.elasticsearch.transport.RequestHandlerRegistry.processMessageReceived(RequestHandlerRegistry.java:69) ~[elasticsearch-5.1.1.jar:5.1.1]
	at org.elasticsearch.transport.TransportService$6.doRun(TransportService.java:577) ~[elasticsearch-5.1.1.jar:5.1.1]
	at org.elasticsearch.common.util.concurrent.ThreadContext$ContextPreservingAbstractRunnable.doRun(ThreadContext.java:527) ~[elasticsearch-5.1.1.jar:5.1.1]
	at org.elasticsearch.common.util.concurrent.AbstractRunnable.run(AbstractRunnable.java:37) ~[elasticsearch-5.1.1.jar:5.1.1]
	... 3 more
[2018-05-09T10:26:56,519][WARN ][r.suppressed             ] path: /quchempedia_index/log_file/3, params: {index=quchempedia_index, id=3, type=log_file}
org.elasticsearch.action.NoShardAvailableActionException: No shard available for [get [quchempedia_index][log_file][3]: routing [null]]
	at org.elasticsearch.action.support.single.shard.TransportSingleShardAction$AsyncSingleAction.perform(TransportSingleShardAction.java:209) [elasticsearch-5.1.1.jar:5.1.1]
	at org.elasticsearch.action.support.single.shard.TransportSingleShardAction$AsyncSingleAction.onFailure(TransportSingleShardAction.java:196) [elasticsearch-5.1.1.jar:5.1.1]
	at org.elasticsearch.action.support.single.shard.TransportSingleShardAction$AsyncSingleAction.access$1300(TransportSingleShardAction.java:123) [elasticsearch-5.1.1.jar:5.1.1]
	at org.elasticsearch.action.support.single.shard.TransportSingleShardAction$AsyncSingleAction$2.handleException(TransportSingleShardAction.java:252) [elasticsearch-5.1.1.jar:5.1.1]
	at org.elasticsearch.transport.TransportService$ContextRestoreResponseHandler.handleException(TransportService.java:984) [elasticsearch-5.1.1.jar:5.1.1]
	at org.elasticsearch.transport.TransportService$DirectResponseChannel.processException(TransportService.java:1091) [elasticsearch-5.1.1.jar:5.1.1]
	at org.elasticsearch.transport.TransportService$DirectResponseChannel.sendResponse(TransportService.java:1069) [elasticsearch-5.1.1.jar:5.1.1]
	at org.elasticsearch.transport.TransportService$6.onFailure(TransportService.java:588) [elasticsearch-5.1.1.jar:5.1.1]
	at org.elasticsearch.common.util.concurrent.ThreadContext$ContextPreservingAbstractRunnable.onFailure(ThreadContext.java:512) [elasticsearch-5.1.1.jar:5.1.1]
	at org.elasticsearch.common.util.concurrent.AbstractRunnable.run(AbstractRunnable.java:39) [elasticsearch-5.1.1.jar:5.1.1]
	at java.util.concurrent.ThreadPoolExecutor.runWorker(ThreadPoolExecutor.java:1149) [?:1.8.0_162]
	at java.util.concurrent.ThreadPoolExecutor$Worker.run(ThreadPoolExecutor.java:624) [?:1.8.0_162]
	at java.lang.Thread.run(Thread.java:748) [?:1.8.0_162]
Caused by: org.elasticsearch.transport.RemoteTransportException: [EpSLy7b][127.0.0.1:9300][indices:data/read/get[s]]
Caused by: org.elasticsearch.index.shard.IllegalIndexShardStateException: CurrentState[RECOVERING] operations only allowed when shard state is one of [POST_RECOVERY, STARTED, RELOCATED]
	at org.elasticsearch.index.shard.IndexShard.readAllowed(IndexShard.java:1098) ~[elasticsearch-5.1.1.jar:5.1.1]
	at org.elasticsearch.index.shard.IndexShard.get(IndexShard.java:611) ~[elasticsearch-5.1.1.jar:5.1.1]
	at org.elasticsearch.index.get.ShardGetService.innerGet(ShardGetService.java:165) ~[elasticsearch-5.1.1.jar:5.1.1]
	at org.elasticsearch.index.get.ShardGetService.get(ShardGetService.java:83) ~[elasticsearch-5.1.1.jar:5.1.1]
	at org.elasticsearch.action.get.TransportGetAction.shardOperation(TransportGetAction.java:95) ~[elasticsearch-5.1.1.jar:5.1.1]
	at org.elasticsearch.action.get.TransportGetAction.shardOperation(TransportGetAction.java:44) ~[elasticsearch-5.1.1.jar:5.1.1]
	at org.elasticsearch.action.support.single.shard.TransportSingleShardAction$ShardTransportHandler.messageReceived(TransportSingleShardAction.java:294) ~[elasticsearch-5.1.1.jar:5.1.1]
	at org.elasticsearch.action.support.single.shard.TransportSingleShardAction$ShardTransportHandler.messageReceived(TransportSingleShardAction.java:287) ~[elasticsearch-5.1.1.jar:5.1.1]
	at org.elasticsearch.transport.TransportRequestHandler.messageReceived(TransportRequestHandler.java:33) ~[elasticsearch-5.1.1.jar:5.1.1]
	at org.elasticsearch.transport.RequestHandlerRegistry.processMessageReceived(RequestHandlerRegistry.java:69) ~[elasticsearch-5.1.1.jar:5.1.1]
	at org.elasticsearch.transport.TransportService$6.doRun(TransportService.java:577) ~[elasticsearch-5.1.1.jar:5.1.1]
	at org.elasticsearch.common.util.concurrent.ThreadContext$ContextPreservingAbstractRunnable.doRun(ThreadContext.java:527) ~[elasticsearch-5.1.1.jar:5.1.1]
	at org.elasticsearch.common.util.concurrent.AbstractRunnable.run(AbstractRunnable.java:37) ~[elasticsearch-5.1.1.jar:5.1.1]
	... 3 more
[2018-05-09T10:26:56,540][INFO ][o.e.c.r.a.AllocationService] [EpSLy7b] Cluster health status changed from [RED] to [YELLOW] (reason: [shards started [[quchempedia_index][4]] ...]).
