[2018-05-03T10:46:57,284][INFO ][o.e.n.Node               ] [EpSLy7b] stopping ...
[2018-05-03T10:46:57,416][INFO ][o.e.n.Node               ] [EpSLy7b] stopped
[2018-05-03T10:46:57,416][INFO ][o.e.n.Node               ] [EpSLy7b] closing ...
[2018-05-03T10:46:57,467][INFO ][o.e.n.Node               ] [EpSLy7b] closed
[2018-05-03T10:51:20,013][INFO ][o.e.n.Node               ] [] initializing ...
[2018-05-03T10:51:20,082][INFO ][o.e.e.NodeEnvironment    ] [EpSLy7b] using [1] data paths, mounts [[/ (/dev/sda1)]], net usable_space [110.8gb], net total_space [133.8gb], spins? [no], types [ext4]
[2018-05-03T10:51:20,083][INFO ][o.e.e.NodeEnvironment    ] [EpSLy7b] heap size [1.9gb], compressed ordinary object pointers [true]
[2018-05-03T10:51:20,091][INFO ][o.e.n.Node               ] node name [EpSLy7b] derived from node ID [EpSLy7b8QCCFCKin_4aF-g]; set [node.name] to override
[2018-05-03T10:51:20,093][INFO ][o.e.n.Node               ] version[5.1.1], pid[2975], build[5395e21/2016-12-06T12:36:15.409Z], OS[Linux/4.13.0-39-generic/amd64], JVM[Oracle Corporation/OpenJDK 64-Bit Server VM/1.8.0_162/25.162-b12]
[2018-05-03T10:51:20,868][INFO ][o.e.p.PluginsService     ] [EpSLy7b] loaded module [aggs-matrix-stats]
[2018-05-03T10:51:20,869][INFO ][o.e.p.PluginsService     ] [EpSLy7b] loaded module [ingest-common]
[2018-05-03T10:51:20,870][INFO ][o.e.p.PluginsService     ] [EpSLy7b] loaded module [lang-expression]
[2018-05-03T10:51:20,870][INFO ][o.e.p.PluginsService     ] [EpSLy7b] loaded module [lang-groovy]
[2018-05-03T10:51:20,870][INFO ][o.e.p.PluginsService     ] [EpSLy7b] loaded module [lang-mustache]
[2018-05-03T10:51:20,870][INFO ][o.e.p.PluginsService     ] [EpSLy7b] loaded module [lang-painless]
[2018-05-03T10:51:20,870][INFO ][o.e.p.PluginsService     ] [EpSLy7b] loaded module [percolator]
[2018-05-03T10:51:20,870][INFO ][o.e.p.PluginsService     ] [EpSLy7b] loaded module [reindex]
[2018-05-03T10:51:20,870][INFO ][o.e.p.PluginsService     ] [EpSLy7b] loaded module [transport-netty3]
[2018-05-03T10:51:20,871][INFO ][o.e.p.PluginsService     ] [EpSLy7b] loaded module [transport-netty4]
[2018-05-03T10:51:20,871][INFO ][o.e.p.PluginsService     ] [EpSLy7b] no plugins loaded
[2018-05-03T10:51:24,192][INFO ][o.e.n.Node               ] initialized
[2018-05-03T10:51:24,199][INFO ][o.e.n.Node               ] [EpSLy7b] starting ...
[2018-05-03T10:51:24,506][INFO ][o.e.t.TransportService   ] [EpSLy7b] publish_address {127.0.0.1:9300}, bound_addresses {[::1]:9300}, {127.0.0.1:9300}
[2018-05-03T10:51:24,512][WARN ][o.e.b.BootstrapCheck     ] [EpSLy7b] max virtual memory areas vm.max_map_count [65530] is too low, increase to at least [262144]
[2018-05-03T10:51:27,633][INFO ][o.e.c.s.ClusterService   ] [EpSLy7b] new_master {EpSLy7b}{EpSLy7b8QCCFCKin_4aF-g}{qJUWe0EyQb21O_TGfVrq6g}{127.0.0.1}{127.0.0.1:9300}, reason: zen-disco-elected-as-master ([0] nodes joined)
[2018-05-03T10:51:27,720][INFO ][o.e.h.HttpServer         ] [EpSLy7b] publish_address {127.0.0.1:9200}, bound_addresses {[::1]:9200}, {127.0.0.1:9200}
[2018-05-03T10:51:27,720][INFO ][o.e.n.Node               ] [EpSLy7b] started
[2018-05-03T10:51:27,904][INFO ][o.e.g.GatewayService     ] [EpSLy7b] recovered [1] indices into cluster_state
[2018-05-03T10:51:28,236][INFO ][o.e.c.r.a.AllocationService] [EpSLy7b] Cluster health status changed from [RED] to [YELLOW] (reason: [shards started [[quchempedia-index][1]] ...]).
[2018-05-03T10:59:13,771][INFO ][o.e.n.Node               ] [EpSLy7b] stopping ...
[2018-05-03T10:59:13,947][INFO ][o.e.n.Node               ] [EpSLy7b] stopped
[2018-05-03T10:59:13,947][INFO ][o.e.n.Node               ] [EpSLy7b] closing ...
[2018-05-03T10:59:13,958][INFO ][o.e.n.Node               ] [EpSLy7b] closed
[2018-05-03T14:52:41,548][INFO ][o.e.n.Node               ] [] initializing ...
[2018-05-03T14:52:41,618][INFO ][o.e.e.NodeEnvironment    ] [EpSLy7b] using [1] data paths, mounts [[/ (/dev/sda1)]], net usable_space [110.6gb], net total_space [133.8gb], spins? [no], types [ext4]
[2018-05-03T14:52:41,619][INFO ][o.e.e.NodeEnvironment    ] [EpSLy7b] heap size [1.9gb], compressed ordinary object pointers [true]
[2018-05-03T14:52:41,626][INFO ][o.e.n.Node               ] node name [EpSLy7b] derived from node ID [EpSLy7b8QCCFCKin_4aF-g]; set [node.name] to override
[2018-05-03T14:52:41,628][INFO ][o.e.n.Node               ] version[5.1.1], pid[7221], build[5395e21/2016-12-06T12:36:15.409Z], OS[Linux/4.13.0-39-generic/amd64], JVM[Oracle Corporation/OpenJDK 64-Bit Server VM/1.8.0_162/25.162-b12]
[2018-05-03T14:52:42,445][INFO ][o.e.p.PluginsService     ] [EpSLy7b] loaded module [aggs-matrix-stats]
[2018-05-03T14:52:42,446][INFO ][o.e.p.PluginsService     ] [EpSLy7b] loaded module [ingest-common]
[2018-05-03T14:52:42,446][INFO ][o.e.p.PluginsService     ] [EpSLy7b] loaded module [lang-expression]
[2018-05-03T14:52:42,446][INFO ][o.e.p.PluginsService     ] [EpSLy7b] loaded module [lang-groovy]
[2018-05-03T14:52:42,447][INFO ][o.e.p.PluginsService     ] [EpSLy7b] loaded module [lang-mustache]
[2018-05-03T14:52:42,447][INFO ][o.e.p.PluginsService     ] [EpSLy7b] loaded module [lang-painless]
[2018-05-03T14:52:42,447][INFO ][o.e.p.PluginsService     ] [EpSLy7b] loaded module [percolator]
[2018-05-03T14:52:42,447][INFO ][o.e.p.PluginsService     ] [EpSLy7b] loaded module [reindex]
[2018-05-03T14:52:42,447][INFO ][o.e.p.PluginsService     ] [EpSLy7b] loaded module [transport-netty3]
[2018-05-03T14:52:42,447][INFO ][o.e.p.PluginsService     ] [EpSLy7b] loaded module [transport-netty4]
[2018-05-03T14:52:42,448][INFO ][o.e.p.PluginsService     ] [EpSLy7b] no plugins loaded
[2018-05-03T14:52:44,459][INFO ][o.e.n.Node               ] initialized
[2018-05-03T14:52:44,460][INFO ][o.e.n.Node               ] [EpSLy7b] starting ...
[2018-05-03T14:52:44,636][INFO ][o.e.t.TransportService   ] [EpSLy7b] publish_address {127.0.0.1:9300}, bound_addresses {[::1]:9300}, {127.0.0.1:9300}
[2018-05-03T14:52:44,641][WARN ][o.e.b.BootstrapCheck     ] [EpSLy7b] max virtual memory areas vm.max_map_count [65530] is too low, increase to at least [262144]
[2018-05-03T14:52:47,726][INFO ][o.e.c.s.ClusterService   ] [EpSLy7b] new_master {EpSLy7b}{EpSLy7b8QCCFCKin_4aF-g}{c9Pe9MakRvm8yF5zAD-CPw}{127.0.0.1}{127.0.0.1:9300}, reason: zen-disco-elected-as-master ([0] nodes joined)
[2018-05-03T14:52:47,803][INFO ][o.e.h.HttpServer         ] [EpSLy7b] publish_address {127.0.0.1:9200}, bound_addresses {[::1]:9200}, {127.0.0.1:9200}
[2018-05-03T14:52:47,803][INFO ][o.e.n.Node               ] [EpSLy7b] started
[2018-05-03T14:52:47,945][INFO ][o.e.g.GatewayService     ] [EpSLy7b] recovered [1] indices into cluster_state
[2018-05-03T14:52:48,295][INFO ][o.e.c.r.a.AllocationService] [EpSLy7b] Cluster health status changed from [RED] to [YELLOW] (reason: [shards started [[quchempedia-index][2]] ...]).
[2018-05-03T23:48:13,206][WARN ][r.suppressed             ] path: /_bulk, params: {}
com.fasterxml.jackson.core.io.JsonEOFException: Unexpected end-of-input within/between Object entries
 at [Source: org.elasticsearch.transport.netty4.ByteBufStreamInput@4b38dd2; line: 1, column: 31]
	at com.fasterxml.jackson.core.base.ParserMinimalBase._reportInvalidEOF(ParserMinimalBase.java:483) ~[jackson-core-2.8.1.jar:2.8.1]
	at com.fasterxml.jackson.core.json.UTF8StreamJsonParser._skipColon2(UTF8StreamJsonParser.java:3096) ~[jackson-core-2.8.1.jar:2.8.1]
	at com.fasterxml.jackson.core.json.UTF8StreamJsonParser._skipColon(UTF8StreamJsonParser.java:3008) ~[jackson-core-2.8.1.jar:2.8.1]
	at com.fasterxml.jackson.core.json.UTF8StreamJsonParser.nextToken(UTF8StreamJsonParser.java:780) ~[jackson-core-2.8.1.jar:2.8.1]
	at org.elasticsearch.common.xcontent.json.JsonXContentParser.nextToken(JsonXContentParser.java:52) ~[elasticsearch-5.1.1.jar:5.1.1]
	at org.elasticsearch.action.bulk.BulkRequest.add(BulkRequest.java:300) ~[elasticsearch-5.1.1.jar:5.1.1]
	at org.elasticsearch.rest.action.document.RestBulkAction.prepareRequest(RestBulkAction.java:97) ~[elasticsearch-5.1.1.jar:5.1.1]
	at org.elasticsearch.rest.BaseRestHandler.handleRequest(BaseRestHandler.java:66) ~[elasticsearch-5.1.1.jar:5.1.1]
	at org.elasticsearch.rest.RestController.executeHandler(RestController.java:243) ~[elasticsearch-5.1.1.jar:5.1.1]
	at org.elasticsearch.rest.RestController.dispatchRequest(RestController.java:200) [elasticsearch-5.1.1.jar:5.1.1]
	at org.elasticsearch.http.HttpServer.dispatchRequest(HttpServer.java:113) [elasticsearch-5.1.1.jar:5.1.1]
	at org.elasticsearch.http.netty4.Netty4HttpServerTransport.dispatchRequest(Netty4HttpServerTransport.java:507) [transport-netty4-5.1.1.jar:5.1.1]
	at org.elasticsearch.http.netty4.Netty4HttpRequestHandler.channelRead0(Netty4HttpRequestHandler.java:69) [transport-netty4-5.1.1.jar:5.1.1]
	at io.netty.channel.SimpleChannelInboundHandler.channelRead(SimpleChannelInboundHandler.java:105) [netty-transport-4.1.6.Final.jar:4.1.6.Final]
	at io.netty.channel.AbstractChannelHandlerContext.invokeChannelRead(AbstractChannelHandlerContext.java:373) [netty-transport-4.1.6.Final.jar:4.1.6.Final]
	at io.netty.channel.AbstractChannelHandlerContext.invokeChannelRead(AbstractChannelHandlerContext.java:359) [netty-transport-4.1.6.Final.jar:4.1.6.Final]
	at io.netty.channel.AbstractChannelHandlerContext.fireChannelRead(AbstractChannelHandlerContext.java:351) [netty-transport-4.1.6.Final.jar:4.1.6.Final]
	at org.elasticsearch.http.netty4.pipelining.HttpPipeliningHandler.channelRead(HttpPipeliningHandler.java:66) [transport-netty4-5.1.1.jar:5.1.1]
	at io.netty.channel.AbstractChannelHandlerContext.invokeChannelRead(AbstractChannelHandlerContext.java:373) [netty-transport-4.1.6.Final.jar:4.1.6.Final]
	at io.netty.channel.AbstractChannelHandlerContext.invokeChannelRead(AbstractChannelHandlerContext.java:359) [netty-transport-4.1.6.Final.jar:4.1.6.Final]
	at io.netty.channel.AbstractChannelHandlerContext.fireChannelRead(AbstractChannelHandlerContext.java:351) [netty-transport-4.1.6.Final.jar:4.1.6.Final]
	at io.netty.handler.codec.MessageToMessageDecoder.channelRead(MessageToMessageDecoder.java:102) [netty-codec-4.1.6.Final.jar:4.1.6.Final]
	at io.netty.handler.codec.MessageToMessageCodec.channelRead(MessageToMessageCodec.java:111) [netty-codec-4.1.6.Final.jar:4.1.6.Final]
	at io.netty.channel.AbstractChannelHandlerContext.invokeChannelRead(AbstractChannelHandlerContext.java:373) [netty-transport-4.1.6.Final.jar:4.1.6.Final]
	at io.netty.channel.AbstractChannelHandlerContext.invokeChannelRead(AbstractChannelHandlerContext.java:359) [netty-transport-4.1.6.Final.jar:4.1.6.Final]
	at io.netty.channel.AbstractChannelHandlerContext.fireChannelRead(AbstractChannelHandlerContext.java:351) [netty-transport-4.1.6.Final.jar:4.1.6.Final]
	at io.netty.handler.codec.MessageToMessageDecoder.channelRead(MessageToMessageDecoder.java:102) [netty-codec-4.1.6.Final.jar:4.1.6.Final]
	at io.netty.channel.AbstractChannelHandlerContext.invokeChannelRead(AbstractChannelHandlerContext.java:373) [netty-transport-4.1.6.Final.jar:4.1.6.Final]
	at io.netty.channel.AbstractChannelHandlerContext.invokeChannelRead(AbstractChannelHandlerContext.java:359) [netty-transport-4.1.6.Final.jar:4.1.6.Final]
	at io.netty.channel.AbstractChannelHandlerContext.fireChannelRead(AbstractChannelHandlerContext.java:351) [netty-transport-4.1.6.Final.jar:4.1.6.Final]
	at io.netty.handler.codec.MessageToMessageDecoder.channelRead(MessageToMessageDecoder.java:102) [netty-codec-4.1.6.Final.jar:4.1.6.Final]
	at io.netty.channel.AbstractChannelHandlerContext.invokeChannelRead(AbstractChannelHandlerContext.java:373) [netty-transport-4.1.6.Final.jar:4.1.6.Final]
	at io.netty.channel.AbstractChannelHandlerContext.invokeChannelRead(AbstractChannelHandlerContext.java:359) [netty-transport-4.1.6.Final.jar:4.1.6.Final]
	at io.netty.channel.AbstractChannelHandlerContext.fireChannelRead(AbstractChannelHandlerContext.java:351) [netty-transport-4.1.6.Final.jar:4.1.6.Final]
	at io.netty.handler.codec.ByteToMessageDecoder.fireChannelRead(ByteToMessageDecoder.java:293) [netty-codec-4.1.6.Final.jar:4.1.6.Final]
	at io.netty.handler.codec.ByteToMessageDecoder.channelRead(ByteToMessageDecoder.java:267) [netty-codec-4.1.6.Final.jar:4.1.6.Final]
	at io.netty.channel.AbstractChannelHandlerContext.invokeChannelRead(AbstractChannelHandlerContext.java:373) [netty-transport-4.1.6.Final.jar:4.1.6.Final]
	at io.netty.channel.AbstractChannelHandlerContext.invokeChannelRead(AbstractChannelHandlerContext.java:359) [netty-transport-4.1.6.Final.jar:4.1.6.Final]
	at io.netty.channel.AbstractChannelHandlerContext.fireChannelRead(AbstractChannelHandlerContext.java:351) [netty-transport-4.1.6.Final.jar:4.1.6.Final]
	at io.netty.channel.ChannelInboundHandlerAdapter.channelRead(ChannelInboundHandlerAdapter.java:86) [netty-transport-4.1.6.Final.jar:4.1.6.Final]
	at io.netty.channel.AbstractChannelHandlerContext.invokeChannelRead(AbstractChannelHandlerContext.java:373) [netty-transport-4.1.6.Final.jar:4.1.6.Final]
	at io.netty.channel.AbstractChannelHandlerContext.invokeChannelRead(AbstractChannelHandlerContext.java:359) [netty-transport-4.1.6.Final.jar:4.1.6.Final]
	at io.netty.channel.AbstractChannelHandlerContext.fireChannelRead(AbstractChannelHandlerContext.java:351) [netty-transport-4.1.6.Final.jar:4.1.6.Final]
	at io.netty.channel.DefaultChannelPipeline$HeadContext.channelRead(DefaultChannelPipeline.java:1334) [netty-transport-4.1.6.Final.jar:4.1.6.Final]
	at io.netty.channel.AbstractChannelHandlerContext.invokeChannelRead(AbstractChannelHandlerContext.java:373) [netty-transport-4.1.6.Final.jar:4.1.6.Final]
	at io.netty.channel.AbstractChannelHandlerContext.invokeChannelRead(AbstractChannelHandlerContext.java:359) [netty-transport-4.1.6.Final.jar:4.1.6.Final]
	at io.netty.channel.DefaultChannelPipeline.fireChannelRead(DefaultChannelPipeline.java:926) [netty-transport-4.1.6.Final.jar:4.1.6.Final]
	at io.netty.channel.nio.AbstractNioByteChannel$NioByteUnsafe.read(AbstractNioByteChannel.java:129) [netty-transport-4.1.6.Final.jar:4.1.6.Final]
	at io.netty.channel.nio.NioEventLoop.processSelectedKey(NioEventLoop.java:651) [netty-transport-4.1.6.Final.jar:4.1.6.Final]
	at io.netty.channel.nio.NioEventLoop.processSelectedKeysPlain(NioEventLoop.java:536) [netty-transport-4.1.6.Final.jar:4.1.6.Final]
	at io.netty.channel.nio.NioEventLoop.processSelectedKeys(NioEventLoop.java:490) [netty-transport-4.1.6.Final.jar:4.1.6.Final]
	at io.netty.channel.nio.NioEventLoop.run(NioEventLoop.java:450) [netty-transport-4.1.6.Final.jar:4.1.6.Final]
	at io.netty.util.concurrent.SingleThreadEventExecutor$5.run(SingleThreadEventExecutor.java:873) [netty-common-4.1.6.Final.jar:4.1.6.Final]
	at java.lang.Thread.run(Thread.java:748) [?:1.8.0_162]
[2018-05-03T23:55:35,504][INFO ][o.e.c.m.MetaDataCreateIndexService] [EpSLy7b] [test] creating index, cause [auto(index api)], templates [], shards [5]/[1], mappings []
