[2018-07-05T10:52:09,708][INFO ][o.e.n.Node               ] [] initializing ...
[2018-07-05T10:52:09,775][INFO ][o.e.e.NodeEnvironment    ] [UEgctnI] using [1] data paths, mounts [[/ (/dev/sda1)]], net usable_space [103.5gb], net total_space [133.8gb], spins? [no], types [ext4]
[2018-07-05T10:52:09,775][INFO ][o.e.e.NodeEnvironment    ] [UEgctnI] heap size [1.9gb], compressed ordinary object pointers [true]
[2018-07-05T10:52:09,776][INFO ][o.e.n.Node               ] node name [UEgctnI] derived from node ID [UEgctnIzRjaYcPQQ00HF_Q]; set [node.name] to override
[2018-07-05T10:52:09,778][INFO ][o.e.n.Node               ] version[5.1.1], pid[7301], build[5395e21/2016-12-06T12:36:15.409Z], OS[Linux/4.13.0-45-generic/amd64], JVM[Oracle Corporation/OpenJDK 64-Bit Server VM/1.8.0_171/25.171-b11]
[2018-07-05T10:52:10,521][INFO ][o.e.p.PluginsService     ] [UEgctnI] loaded module [aggs-matrix-stats]
[2018-07-05T10:52:10,521][INFO ][o.e.p.PluginsService     ] [UEgctnI] loaded module [ingest-common]
[2018-07-05T10:52:10,521][INFO ][o.e.p.PluginsService     ] [UEgctnI] loaded module [lang-expression]
[2018-07-05T10:52:10,521][INFO ][o.e.p.PluginsService     ] [UEgctnI] loaded module [lang-groovy]
[2018-07-05T10:52:10,521][INFO ][o.e.p.PluginsService     ] [UEgctnI] loaded module [lang-mustache]
[2018-07-05T10:52:10,522][INFO ][o.e.p.PluginsService     ] [UEgctnI] loaded module [lang-painless]
[2018-07-05T10:52:10,522][INFO ][o.e.p.PluginsService     ] [UEgctnI] loaded module [percolator]
[2018-07-05T10:52:10,522][INFO ][o.e.p.PluginsService     ] [UEgctnI] loaded module [reindex]
[2018-07-05T10:52:10,522][INFO ][o.e.p.PluginsService     ] [UEgctnI] loaded module [transport-netty3]
[2018-07-05T10:52:10,522][INFO ][o.e.p.PluginsService     ] [UEgctnI] loaded module [transport-netty4]
[2018-07-05T10:52:10,523][INFO ][o.e.p.PluginsService     ] [UEgctnI] no plugins loaded
[2018-07-05T10:52:12,065][INFO ][o.e.n.Node               ] initialized
[2018-07-05T10:52:12,066][INFO ][o.e.n.Node               ] [UEgctnI] starting ...
[2018-07-05T10:52:12,211][INFO ][o.e.t.TransportService   ] [UEgctnI] publish_address {127.0.0.1:9300}, bound_addresses {[::1]:9300}, {127.0.0.1:9300}
[2018-07-05T10:52:12,218][WARN ][o.e.b.BootstrapCheck     ] [UEgctnI] max virtual memory areas vm.max_map_count [65530] is too low, increase to at least [262144]
[2018-07-05T10:52:15,320][INFO ][o.e.c.s.ClusterService   ] [UEgctnI] new_master {UEgctnI}{UEgctnIzRjaYcPQQ00HF_Q}{sS2ehNNERd2UISOwmBd7BA}{127.0.0.1}{127.0.0.1:9300}, reason: zen-disco-elected-as-master ([0] nodes joined)
[2018-07-05T10:52:15,381][INFO ][o.e.g.GatewayService     ] [UEgctnI] recovered [0] indices into cluster_state
[2018-07-05T10:52:15,383][INFO ][o.e.h.HttpServer         ] [UEgctnI] publish_address {127.0.0.1:9200}, bound_addresses {[::1]:9200}, {127.0.0.1:9200}
[2018-07-05T10:52:15,383][INFO ][o.e.n.Node               ] [UEgctnI] started
[2018-07-05T10:55:21,099][INFO ][o.e.c.m.MetaDataCreateIndexService] [UEgctnI] [quchempedia_index] creating index, cause [api], templates [], shards [5]/[1], mappings []
[2018-07-05T10:55:21,710][INFO ][o.e.c.m.MetaDataMappingService] [UEgctnI] [quchempedia_index/qnxlPhDBSUOZtB4TVz1Y5A] create_mapping [log_file]
[2018-07-05T10:56:16,160][INFO ][o.e.c.m.MetaDataMappingService] [UEgctnI] [quchempedia_index/qnxlPhDBSUOZtB4TVz1Y5A] update_mapping [log_file]
[2018-07-05T16:29:38,023][INFO ][o.e.c.m.MetaDataMappingService] [UEgctnI] [quchempedia_index/qnxlPhDBSUOZtB4TVz1Y5A] update_mapping [log_file]
[2018-07-05T17:11:00,392][INFO ][o.e.n.Node               ] [UEgctnI] stopping ...
[2018-07-05T17:11:00,457][INFO ][o.e.n.Node               ] [UEgctnI] stopped
[2018-07-05T17:11:00,458][INFO ][o.e.n.Node               ] [UEgctnI] closing ...
[2018-07-05T17:11:00,529][INFO ][o.e.n.Node               ] [UEgctnI] closed
