[2018-05-01T18:39:35,708][WARN ][o.e.d.s.g.GroovyScriptEngineService] [groovy] scripts are deprecated, use [painless] scripts instead
[2018-05-02T02:20:38,780][WARN ][o.e.d.s.g.GroovyScriptEngineService] [groovy] scripts are deprecated, use [painless] scripts instead
[2018-05-02T09:11:24,749][WARN ][o.e.d.s.g.GroovyScriptEngineService] [groovy] scripts are deprecated, use [painless] scripts instead
[2018-05-02T18:42:53,382][WARN ][o.e.d.s.g.GroovyScriptEngineService] [groovy] scripts are deprecated, use [painless] scripts instead
[2018-05-03T10:51:21,091][WARN ][o.e.d.s.g.GroovyScriptEngineService] [groovy] scripts are deprecated, use [painless] scripts instead
[2018-05-03T14:52:42,636][WARN ][o.e.d.s.g.GroovyScriptEngineService] [groovy] scripts are deprecated, use [painless] scripts instead
[2018-05-04T09:36:24,797][WARN ][o.e.d.s.g.GroovyScriptEngineService] [groovy] scripts are deprecated, use [painless] scripts instead
[2018-05-04T17:28:52,350][WARN ][o.e.d.i.q.FuzzyQueryBuilder] fuzzy query is deprecated. Instead use the [match] query with fuzziness parameter
[2018-05-05T18:14:10,590][WARN ][o.e.d.s.g.GroovyScriptEngineService] [groovy] scripts are deprecated, use [painless] scripts instead
[2018-05-07T09:09:42,746][WARN ][o.e.d.s.g.GroovyScriptEngineService] [groovy] scripts are deprecated, use [painless] scripts instead
[2018-05-09T10:26:50,024][WARN ][o.e.d.s.g.GroovyScriptEngineService] [groovy] scripts are deprecated, use [painless] scripts instead
[2018-05-09T14:45:29,865][WARN ][o.e.d.s.g.GroovyScriptEngineService] [groovy] scripts are deprecated, use [painless] scripts instead
[2018-05-11T09:20:03,277][WARN ][o.e.d.s.g.GroovyScriptEngineService] [groovy] scripts are deprecated, use [painless] scripts instead
[2018-05-13T23:37:02,509][WARN ][o.e.d.s.g.GroovyScriptEngineService] [groovy] scripts are deprecated, use [painless] scripts instead
<<<<<<< HEAD
[2018-05-14T15:12:30,301][WARN ][o.e.d.s.g.GroovyScriptEngineService] [groovy] scripts are deprecated, use [painless] scripts instead
[2018-05-14T15:13:12,426][WARN ][o.e.d.s.g.GroovyScriptEngineService] [groovy] scripts are deprecated, use [painless] scripts instead
[2018-05-15T09:36:21,104][WARN ][o.e.d.s.g.GroovyScriptEngineService] [groovy] scripts are deprecated, use [painless] scripts instead
[2018-05-16T11:01:48,056][WARN ][o.e.d.s.g.GroovyScriptEngineService] [groovy] scripts are deprecated, use [painless] scripts instead
=======
[2018-05-15T09:11:06,778][WARN ][o.e.d.s.g.GroovyScriptEngineService] [groovy] scripts are deprecated, use [painless] scripts instead
[2018-05-16T01:37:35,477][WARN ][o.e.d.s.g.GroovyScriptEngineService] [groovy] scripts are deprecated, use [painless] scripts instead
[2018-05-16T14:40:53,368][WARN ][o.e.d.s.g.GroovyScriptEngineService] [groovy] scripts are deprecated, use [painless] scripts instead
[2018-05-16T14:42:14,262][WARN ][o.e.d.s.g.GroovyScriptEngineService] [groovy] scripts are deprecated, use [painless] scripts instead
>>>>>>> 9c65c70f72ad851cb165805abb5285aff660ec33
[2018-05-16T15:05:07,775][WARN ][o.e.d.s.g.GroovyScriptEngineService] [groovy] scripts are deprecated, use [painless] scripts instead
[2018-05-17T14:18:11,276][WARN ][o.e.d.s.g.GroovyScriptEngineService] [groovy] scripts are deprecated, use [painless] scripts instead
[2018-05-17T15:22:43,708][WARN ][o.e.d.s.g.GroovyScriptEngineService] [groovy] scripts are deprecated, use [painless] scripts instead
<<<<<<< HEAD
[2018-05-18T09:41:56,789][WARN ][o.e.d.s.g.GroovyScriptEngineService] [groovy] scripts are deprecated, use [painless] scripts instead
[2018-05-18T13:41:42,750][WARN ][o.e.d.s.g.GroovyScriptEngineService] [groovy] scripts are deprecated, use [painless] scripts instead
=======
[2018-05-18T10:14:02,718][WARN ][o.e.d.s.g.GroovyScriptEngineService] [groovy] scripts are deprecated, use [painless] scripts instead
[2018-05-18T10:19:09,311][WARN ][o.e.d.s.g.GroovyScriptEngineService] [groovy] scripts are deprecated, use [painless] scripts instead
>>>>>>> 01b68ec14782930f6b8a6b7b15f09f29622fe239
<<<<<<< HEAD
[2018-05-22T09:56:25,605][WARN ][o.e.d.s.g.GroovyScriptEngineService] [groovy] scripts are deprecated, use [painless] scripts instead
=======
[2018-05-18T14:43:42,563][WARN ][o.e.d.s.g.GroovyScriptEngineService] [groovy] scripts are deprecated, use [painless] scripts instead
>>>>>>> 422e30a03386358d8f57e4cce696a4262273058a
<<<<<<< HEAD
[2018-05-22T11:09:15,360][WARN ][o.e.d.s.g.GroovyScriptEngineService] [groovy] scripts are deprecated, use [painless] scripts instead
[2018-05-22T11:15:17,936][WARN ][o.e.d.s.g.GroovyScriptEngineService] [groovy] scripts are deprecated, use [painless] scripts instead
=======
[2018-05-22T11:44:58,195][WARN ][o.e.d.s.g.GroovyScriptEngineService] [groovy] scripts are deprecated, use [painless] scripts instead
>>>>>>> dbbaae33545a6b561fe45d853a657e0c4d173535
<<<<<<< HEAD
[2018-05-23T09:57:34,605][WARN ][o.e.d.s.g.GroovyScriptEngineService] [groovy] scripts are deprecated, use [painless] scripts instead
=======
[2018-05-23T10:29:59,607][WARN ][o.e.d.s.g.GroovyScriptEngineService] [groovy] scripts are deprecated, use [painless] scripts instead
>>>>>>> 71b60185f84ff93a09547dc3b89834ce0c1a87c3
