[2018-05-04T00:56:53,521][INFO ][o.e.n.Node               ] [EpSLy7b] stopping ...
[2018-05-04T00:56:53,558][INFO ][o.e.n.Node               ] [EpSLy7b] stopped
[2018-05-04T00:56:53,559][INFO ][o.e.n.Node               ] [EpSLy7b] closing ...
[2018-05-04T00:56:53,564][INFO ][o.e.n.Node               ] [EpSLy7b] closed
[2018-05-04T09:36:23,760][INFO ][o.e.n.Node               ] [] initializing ...
[2018-05-04T09:36:23,831][INFO ][o.e.e.NodeEnvironment    ] [EpSLy7b] using [1] data paths, mounts [[/ (/dev/sda1)]], net usable_space [110gb], net total_space [133.8gb], spins? [no], types [ext4]
[2018-05-04T09:36:23,831][INFO ][o.e.e.NodeEnvironment    ] [EpSLy7b] heap size [1.9gb], compressed ordinary object pointers [true]
[2018-05-04T09:36:23,845][INFO ][o.e.n.Node               ] node name [EpSLy7b] derived from node ID [EpSLy7b8QCCFCKin_4aF-g]; set [node.name] to override
[2018-05-04T09:36:23,848][INFO ][o.e.n.Node               ] version[5.1.1], pid[3169], build[5395e21/2016-12-06T12:36:15.409Z], OS[Linux/4.13.0-39-generic/amd64], JVM[Oracle Corporation/OpenJDK 64-Bit Server VM/1.8.0_162/25.162-b12]
[2018-05-04T09:36:24,592][INFO ][o.e.p.PluginsService     ] [EpSLy7b] loaded module [aggs-matrix-stats]
[2018-05-04T09:36:24,595][INFO ][o.e.p.PluginsService     ] [EpSLy7b] loaded module [ingest-common]
[2018-05-04T09:36:24,595][INFO ][o.e.p.PluginsService     ] [EpSLy7b] loaded module [lang-expression]
[2018-05-04T09:36:24,595][INFO ][o.e.p.PluginsService     ] [EpSLy7b] loaded module [lang-groovy]
[2018-05-04T09:36:24,595][INFO ][o.e.p.PluginsService     ] [EpSLy7b] loaded module [lang-mustache]
[2018-05-04T09:36:24,595][INFO ][o.e.p.PluginsService     ] [EpSLy7b] loaded module [lang-painless]
[2018-05-04T09:36:24,595][INFO ][o.e.p.PluginsService     ] [EpSLy7b] loaded module [percolator]
[2018-05-04T09:36:24,596][INFO ][o.e.p.PluginsService     ] [EpSLy7b] loaded module [reindex]
[2018-05-04T09:36:24,596][INFO ][o.e.p.PluginsService     ] [EpSLy7b] loaded module [transport-netty3]
[2018-05-04T09:36:24,596][INFO ][o.e.p.PluginsService     ] [EpSLy7b] loaded module [transport-netty4]
[2018-05-04T09:36:24,597][INFO ][o.e.p.PluginsService     ] [EpSLy7b] no plugins loaded
[2018-05-04T09:36:26,652][INFO ][o.e.n.Node               ] initialized
[2018-05-04T09:36:26,653][INFO ][o.e.n.Node               ] [EpSLy7b] starting ...
[2018-05-04T09:36:26,829][INFO ][o.e.t.TransportService   ] [EpSLy7b] publish_address {127.0.0.1:9300}, bound_addresses {[::1]:9300}, {127.0.0.1:9300}
[2018-05-04T09:36:26,836][WARN ][o.e.b.BootstrapCheck     ] [EpSLy7b] max virtual memory areas vm.max_map_count [65530] is too low, increase to at least [262144]
[2018-05-04T09:36:29,934][INFO ][o.e.c.s.ClusterService   ] [EpSLy7b] new_master {EpSLy7b}{EpSLy7b8QCCFCKin_4aF-g}{2uLbGxrXTQGv-lyRkWyi-A}{127.0.0.1}{127.0.0.1:9300}, reason: zen-disco-elected-as-master ([0] nodes joined)
[2018-05-04T09:36:29,983][INFO ][o.e.h.HttpServer         ] [EpSLy7b] publish_address {127.0.0.1:9200}, bound_addresses {[::1]:9200}, {127.0.0.1:9200}
[2018-05-04T09:36:29,983][INFO ][o.e.n.Node               ] [EpSLy7b] started
[2018-05-04T09:36:30,150][INFO ][o.e.g.GatewayService     ] [EpSLy7b] recovered [2] indices into cluster_state
[2018-05-04T09:36:30,679][INFO ][o.e.c.r.a.AllocationService] [EpSLy7b] Cluster health status changed from [RED] to [YELLOW] (reason: [shards started [[quchempedia-index][1]] ...]).
[2018-05-04T10:06:53,340][INFO ][o.e.c.m.MetaDataCreateIndexService] [EpSLy7b] [my_index] creating index, cause [auto(index api)], templates [], shards [5]/[1], mappings []
[2018-05-04T10:06:53,527][DEBUG][o.e.a.a.i.m.p.TransportPutMappingAction] [EpSLy7b] failed to put mappings on indices [[[my_index/LW3GwV9wRN2lcJ_ZmXdRmg]]], type [_doc]
org.elasticsearch.indices.InvalidTypeNameException: Document mapping type name can't start with '_', found: [_doc]
	at org.elasticsearch.cluster.metadata.MetaDataMappingService$PutMappingExecutor.applyRequest(MetaDataMappingService.java:299) ~[elasticsearch-5.1.1.jar:5.1.1]
	at org.elasticsearch.cluster.metadata.MetaDataMappingService$PutMappingExecutor.execute(MetaDataMappingService.java:232) ~[elasticsearch-5.1.1.jar:5.1.1]
	at org.elasticsearch.cluster.service.ClusterService.runTasksForExecutor(ClusterService.java:581) [elasticsearch-5.1.1.jar:5.1.1]
	at org.elasticsearch.cluster.service.ClusterService$UpdateTask.run(ClusterService.java:920) [elasticsearch-5.1.1.jar:5.1.1]
	at org.elasticsearch.common.util.concurrent.ThreadContext$ContextPreservingRunnable.run(ThreadContext.java:458) [elasticsearch-5.1.1.jar:5.1.1]
	at org.elasticsearch.common.util.concurrent.PrioritizedEsThreadPoolExecutor$TieBreakingPrioritizedRunnable.runAndClean(PrioritizedEsThreadPoolExecutor.java:238) [elasticsearch-5.1.1.jar:5.1.1]
	at org.elasticsearch.common.util.concurrent.PrioritizedEsThreadPoolExecutor$TieBreakingPrioritizedRunnable.run(PrioritizedEsThreadPoolExecutor.java:201) [elasticsearch-5.1.1.jar:5.1.1]
	at java.util.concurrent.ThreadPoolExecutor.runWorker(ThreadPoolExecutor.java:1149) [?:1.8.0_162]
	at java.util.concurrent.ThreadPoolExecutor$Worker.run(ThreadPoolExecutor.java:624) [?:1.8.0_162]
	at java.lang.Thread.run(Thread.java:748) [?:1.8.0_162]
[2018-05-04T10:07:20,936][INFO ][o.e.c.m.MetaDataMappingService] [EpSLy7b] [my_index/LW3GwV9wRN2lcJ_ZmXdRmg] create_mapping [doc]
[2018-05-04T10:14:07,804][INFO ][o.e.c.m.MetaDataCreateIndexService] [EpSLy7b] [m_index] creating index, cause [auto(index api)], templates [], shards [5]/[1], mappings []
[2018-05-04T10:14:43,346][DEBUG][o.e.a.a.i.m.p.TransportPutMappingAction] [EpSLy7b] failed to put mappings on indices [[[m_index/_Mb0diI_TbGi-Qtly3wofg]]], type [all]
org.elasticsearch.index.mapper.MapperParsingException: Root mapping definition has unsupported parameters:  [authorship : {primary_author_orcid=N/A, primary_author=Maho Nakata, log_file=OPT.log, publication_DOI=N/A, primary_author_affiliation=Advanced Center for Computing and Communication, Riken, Japan}] [molecule : {nuclear_gfactors=[0.0, 0.0, 0.0], starting_energy=-5056.406956561631, atoms_Z=[8, 8, 6], atoms_masses=[15.9949146, 15.9949146, 12.0], nb_atoms=3, chirality=false, charge=0, smi=O=C=O, formula=CO2, atoms_valence=[1, 1, 2], monoisotopic_mass=43.98982924, nuclear_spins=[0.0, 0.0, 0.0], nuclear_QMom=[0.0, 0.0, 0.0], connectivity={bond_orders=[2, 2, 2, 2], atom_pairs=[[0, 2], [1, 2], [2, 0], [2, 1]]}, 2d_draw=<?xml version="1.0"?>
<svg version="1.1" id="topsvg"
xmlns="http://www.w3.org/2000/svg" xmlns:xlink="http://www.w3.org/1999/xlink"
xmlns:cml="http://www.xml-cml.org/schema" x="0" y="0" width="200px" height="200px" viewBox="0 0 100 100">
<title> - Open Babel Depiction</title>
<rect x="0" y="0" width="100" height="100" fill="white"/>
<g transform="translate(0,0)">
<svg width="100" height="100" x="0" y="0" viewBox="0 0 160 80"
font-family="sans-serif" stroke="rgb(0,0,0)" stroke-width="2"  stroke-linecap="round">
<line x1="107.0" y1="43.0" x2="80.0" y2="43.0" stroke="rgb(0,0,0)"  stroke-width="2.0"/>
<line x1="107.0" y1="37.0" x2="80.0" y2="37.0" stroke="rgb(0,0,0)"  stroke-width="2.0"/>
<line x1="80.0" y1="43.0" x2="53.0" y2="43.0" stroke="rgb(0,0,0)"  stroke-width="2.0"/>
<line x1="80.0" y1="37.0" x2="53.0" y2="37.0" stroke="rgb(0,0,0)"  stroke-width="2.0"/>
<text x="34.000000" y="48.000000" fill="rgb(255,12,12)"  stroke="rgb(255,12,12)" stroke-width="1" font-size="16" >O</text>
<text x="114.000000" y="48.000000" fill="rgb(255,12,12)"  stroke="rgb(255,12,12)" stroke-width="1" font-size="16" >O</text>
</svg>
</g>
<text font-size="18.000000" fill ="black" font-family="sans-serif"
x="10.000000" y="20.000000" ></text>
</svg>
, inchi=[InChI=1S/CO2/c2-1-3
], starting_nuclear_repulsion=56.58704, nb_heavy_atoms=3, starting_geometry=[[0.0, 0.0, 1.197], [0.0, 0.0, -1.197], [0.0, 0.0, 0.0]], atoms_Zeff=[0.0, 0.0, 0.0], multiplicity=1, can=O=C=O}] [results : {geometry={geometric_values=[[0.048245, 0.034115, 0.045182, 0.031948], [0.001938, 0.001371, 0.001879, 0.001329], [1.0E-6, 1.0E-6, 1.0E-6, 1.0E-6]], nuclear_repulsion_energy_from_xyz=55.52387, elements_3D_coords_converged=[0.0, 0.0, 1.219915, 0.0, 0.0, -1.219915, 0.0, 0.0, 0.0], OPT_DONE=true}, excited_states={et_oscs=N/A, et_rot=N/A, et_transitions=N/A, et_energies=N/A, et_sym=N/A}, freq={electronic_thermal_energy=N/A, vibrational_anharms=N/A, vibrational_freq=N/A, vibrational_raman=N/A, zero_point_energy=N/A, enthalpy=N/A, polarizabilities=N/A, entropy=N/A, vibrational_sym=N/A, vibration_disp=N/A, vibrational_int=N/A, free_energy=N/A}, wavefunction={Mulliken_partial_charges=[-0.141264, -0.141264, 0.282528], MO_number=15, homo_indexes=[10], SCF_values=[3.22E-10, 1.72E-9, -4.55E-13], Hirshfeld_partial_charges=N/A, total_molecular_energy=-185.82157534, MO_energies=[[-518.3937562612309, -518.385592845716, -277.763478264081, -29.832113544165498, -28.519164215503, -13.060648482448501, -11.549056042921, -11.549056042921, -10.8440090562755, -6.621074210366, -6.621074210366, 3.2689036860565, 3.2689036860565, 7.087477350123001, 24.407523934448]], MO_coefs=[[0.70253, 0.02177, 0.0, 0.0, -0.00526, -0.70253, -0.02177, 0.0, 0.0, -0.00526, 0.0, 0.0, 0.0, 0.0, -0.01249], [0.70268, 0.01949, 0.0, 0.0, -0.00381, 0.70268, 0.01949, 0.0, 0.0, 0.00381, 7.6E-4, -0.0105, 0.0, 0.0, 0.0], [3.0E-4, -0.00632, 0.0, 0.0, 0.00193, 3.0E-4, -0.00632, 0.0, 0.0, -0.00193, 0.99199, 0.03343, 0.0, 0.0, 0.0], [-0.14787, 0.51728, 0.0, 0.0, -0.16092, -0.14787, 0.51728, 0.0, 0.0, 0.16092, -0.16036, 0.35161, 0.0, 0.0, 0.0], [-0.16037, 0.5438, 0.0, 0.0, -0.1397, 0.16037, -0.5438, 0.0, 0.0, -0.1397, 0.0, 0.0, 0.0, 0.0, 0.29715], [0.11566, -0.54112, 0.0, 0.0, -0.38226, 0.11566, -0.54112, 0.0, 0.0, 0.38226, -0.16639, 0.57932, 0.0, 0.0, 0.0], [0.0, 0.0, 0.45117, 0.0, 0.0, 0.0, 0.0, 0.45117, 0.0, 0.0, 0.0, 0.0, 0.60443, 0.0, 0.0], [0.0, 0.0, 0.0, 0.45117, 0.0, 0.0, 0.0, 0.0, 0.45117, 0.0, 0.0, 0.0, 0.0, 0.60443, 0.0], [-0.08785, 0.4509, 0.0, 0.0, 0.50257, 0.08785, -0.4509, 0.0, 0.0, 0.50257, 0.0, 0.0, 0.0, 0.0, -0.41344], [0.0, 0.0, 0.70833, 0.0, 0.0, 0.0, 0.0, -0.70833, 0.0, 0.0, 0.0, 0.0, 0.0, 0.0, 0.0], [0.0, 0.0, 0.0, 0.70833, 0.0, 0.0, 0.0, 0.0, -0.70833, 0.0, 0.0, 0.0, 0.0, 0.0, 0.0], [0.0, 0.0, 0.0, -0.58431, 0.0, 0.0, 0.0, 0.0, -0.58431, 0.0, 0.0, 0.0, 0.0, 0.85344, 0.0], [0.0, 0.0, -0.58431, 0.0, 0.0, 0.0, 0.0, -0.58431, 0.0, 0.0, 0.0, 0.0, 0.85344, 0.0, 0.0], [0.07058, -0.46007, 0.0, 0.0, 0.69742, 0.07058, -0.46007, 0.0, 0.0, -0.69742, -0.20251, 1.21971, 0.0, 0.0, 0.0], [0.094, -0.75642, 0.0, 0.0, 0.71993, -0.094, 0.75642, 0.0, 0.0, 0.71993, 0.0, 0.0, 0.0, 0.0, 1.5077]], virial_ratio=[2.0158, 2.0162, 2.0162], MO_sym=[[sigma.u, sigma.g, sigma.g, sigma.g, sigma.u, sigma.g, pi.u, pi.u, sigma.u, pi.g, pi.g, pi.u, pi.u, sigma.g, sigma.u]], normal_termination=N/A}}] [comp_details : {geometry={geometric_targets=[4.5E-4, 3.0E-4, 0.0018, 0.0012]}, excited_states={et_sym_constraints=N/A, opt_root_number=N/A, TDA=N/A, et_optimization=N/A, nb_et_states=N/A}, freq={anharmonicity=false, temperature=N/A}, general={scf_targets=[[1.0E-8, 1.0E-6, 1.0E-6], [1.0E-8, 1.0E-6, 1.0E-6], [1.0E-8, 1.0E-6, 1.0E-6]], list_theory=[DFT], solvent=Gas, package=Gaussian, integration_grid=Default, package_version=09revisionD.01, basis_set_size=15, functional=PBE1PBE, is_closed_shell=True, core_electrons_per_atoms=[0, 0, 0], solvent_reaction_field=N/A, basis_set=[[[S, [[130.7093214, 0.1543289673], [23.80886605, 0.5353281423], [6.443608313, 0.4446345422]]], [S, [[5.033151319, -0.09996722919], [1.169596125, 0.3995128261], [0.38038896, 0.7001154689]]], [P, [[5.033151319, 0.155916275], [1.169596125, 0.6076837186], [0.38038896, 0.3919573931]]]], [[S, [[130.7093214, 0.1543289673], [23.80886605, 0.5353281423], [6.443608313, 0.4446345422]]], [S, [[5.033151319, -0.09996722919], [1.169596125, 0.3995128261], [0.38038896, 0.7001154689]]], [P, [[5.033151319, 0.155916275], [1.169596125, 0.6076837186], [0.38038896, 0.3919573931]]]], [[S, [[71.61683735, 0.1543289673], [13.04509632, 0.5353281423], [3.53051216, 0.4446345422]]], [S, [[2.941249355, -0.09996722919], [0.6834830964, 0.3995128261], [0.2222899159, 0.7001154689]]], [P, [[2.941249355, 0.155916275], [0.6834830964, 0.6076837186], [0.2222899159, 0.3919573931]]]]], last_theory=DFT, basis_set_name=STO-3G, all_unique_theory=[DFT]}}]
	at org.elasticsearch.index.mapper.DocumentMapperParser.checkNoRemainingFields(DocumentMapperParser.java:145) ~[elasticsearch-5.1.1.jar:5.1.1]
	at org.elasticsearch.index.mapper.DocumentMapperParser.parse(DocumentMapperParser.java:134) ~[elasticsearch-5.1.1.jar:5.1.1]
	at org.elasticsearch.index.mapper.DocumentMapperParser.parse(DocumentMapperParser.java:90) ~[elasticsearch-5.1.1.jar:5.1.1]
	at org.elasticsearch.index.mapper.MapperService.parse(MapperService.java:515) ~[elasticsearch-5.1.1.jar:5.1.1]
	at org.elasticsearch.cluster.metadata.MetaDataMappingService$PutMappingExecutor.applyRequest(MetaDataMappingService.java:266) ~[elasticsearch-5.1.1.jar:5.1.1]
	at org.elasticsearch.cluster.metadata.MetaDataMappingService$PutMappingExecutor.execute(MetaDataMappingService.java:232) ~[elasticsearch-5.1.1.jar:5.1.1]
	at org.elasticsearch.cluster.service.ClusterService.runTasksForExecutor(ClusterService.java:581) [elasticsearch-5.1.1.jar:5.1.1]
	at org.elasticsearch.cluster.service.ClusterService$UpdateTask.run(ClusterService.java:920) [elasticsearch-5.1.1.jar:5.1.1]
	at org.elasticsearch.common.util.concurrent.ThreadContext$ContextPreservingRunnable.run(ThreadContext.java:458) [elasticsearch-5.1.1.jar:5.1.1]
	at org.elasticsearch.common.util.concurrent.PrioritizedEsThreadPoolExecutor$TieBreakingPrioritizedRunnable.runAndClean(PrioritizedEsThreadPoolExecutor.java:238) [elasticsearch-5.1.1.jar:5.1.1]
	at org.elasticsearch.common.util.concurrent.PrioritizedEsThreadPoolExecutor$TieBreakingPrioritizedRunnable.run(PrioritizedEsThreadPoolExecutor.java:201) [elasticsearch-5.1.1.jar:5.1.1]
	at java.util.concurrent.ThreadPoolExecutor.runWorker(ThreadPoolExecutor.java:1149) [?:1.8.0_162]
	at java.util.concurrent.ThreadPoolExecutor$Worker.run(ThreadPoolExecutor.java:624) [?:1.8.0_162]
	at java.lang.Thread.run(Thread.java:748) [?:1.8.0_162]
[2018-05-04T10:16:07,878][INFO ][o.e.c.m.MetaDataCreateIndexService] [EpSLy7b] [test_index] creating index, cause [auto(index api)], templates [], shards [5]/[1], mappings []
[2018-05-04T10:16:08,070][INFO ][o.e.c.m.MetaDataMappingService] [EpSLy7b] [test_index/olk-rFw3Ts-MHHGiUYh9Pw] create_mapping [doc]
[2018-05-04T10:16:36,232][DEBUG][o.e.a.a.i.m.p.TransportPutMappingAction] [EpSLy7b] failed to put mappings on indices [[[test_index/olk-rFw3Ts-MHHGiUYh9Pw]]], type [all]
org.elasticsearch.index.mapper.MapperParsingException: Root mapping definition has unsupported parameters:  [username : johnsmith] [name : {first=John, last=Smith}]
	at org.elasticsearch.index.mapper.DocumentMapperParser.checkNoRemainingFields(DocumentMapperParser.java:145) ~[elasticsearch-5.1.1.jar:5.1.1]
	at org.elasticsearch.index.mapper.DocumentMapperParser.parse(DocumentMapperParser.java:134) ~[elasticsearch-5.1.1.jar:5.1.1]
	at org.elasticsearch.index.mapper.DocumentMapperParser.parse(DocumentMapperParser.java:90) ~[elasticsearch-5.1.1.jar:5.1.1]
	at org.elasticsearch.index.mapper.MapperService.parse(MapperService.java:515) ~[elasticsearch-5.1.1.jar:5.1.1]
	at org.elasticsearch.cluster.metadata.MetaDataMappingService$PutMappingExecutor.applyRequest(MetaDataMappingService.java:266) ~[elasticsearch-5.1.1.jar:5.1.1]
	at org.elasticsearch.cluster.metadata.MetaDataMappingService$PutMappingExecutor.execute(MetaDataMappingService.java:232) ~[elasticsearch-5.1.1.jar:5.1.1]
	at org.elasticsearch.cluster.service.ClusterService.runTasksForExecutor(ClusterService.java:581) [elasticsearch-5.1.1.jar:5.1.1]
	at org.elasticsearch.cluster.service.ClusterService$UpdateTask.run(ClusterService.java:920) [elasticsearch-5.1.1.jar:5.1.1]
	at org.elasticsearch.common.util.concurrent.ThreadContext$ContextPreservingRunnable.run(ThreadContext.java:458) [elasticsearch-5.1.1.jar:5.1.1]
	at org.elasticsearch.common.util.concurrent.PrioritizedEsThreadPoolExecutor$TieBreakingPrioritizedRunnable.runAndClean(PrioritizedEsThreadPoolExecutor.java:238) [elasticsearch-5.1.1.jar:5.1.1]
	at org.elasticsearch.common.util.concurrent.PrioritizedEsThreadPoolExecutor$TieBreakingPrioritizedRunnable.run(PrioritizedEsThreadPoolExecutor.java:201) [elasticsearch-5.1.1.jar:5.1.1]
	at java.util.concurrent.ThreadPoolExecutor.runWorker(ThreadPoolExecutor.java:1149) [?:1.8.0_162]
	at java.util.concurrent.ThreadPoolExecutor$Worker.run(ThreadPoolExecutor.java:624) [?:1.8.0_162]
	at java.lang.Thread.run(Thread.java:748) [?:1.8.0_162]
[2018-05-04T10:19:37,247][INFO ][o.e.c.m.MetaDataCreateIndexService] [EpSLy7b] [the_index] creating index, cause [auto(index api)], templates [], shards [5]/[1], mappings []
[2018-05-04T10:20:21,756][INFO ][o.e.c.m.MetaDataMappingService] [EpSLy7b] [the_index/5uD__7QyTwa1zh-CoMR6hQ] create_mapping [dec]
[2018-05-04T10:21:37,394][INFO ][o.e.c.m.MetaDataCreateIndexService] [EpSLy7b] [thegg_index] creating index, cause [auto(index api)], templates [], shards [5]/[1], mappings []
[2018-05-04T10:21:37,596][INFO ][o.e.c.m.MetaDataMappingService] [EpSLy7b] [thegg_index/6IhYhL7aS4KLDyqbqksTLg] create_mapping [dttttec]
[2018-05-04T10:23:48,284][INFO ][o.e.c.m.MetaDataMappingService] [EpSLy7b] [thegg_index/6IhYhL7aS4KLDyqbqksTLg] create_mapping [dtttstec]
[2018-05-04T10:25:53,532][INFO ][o.e.c.m.MetaDataCreateIndexService] [EpSLy7b] [tessssst_index] creating index, cause [auto(index api)], templates [], shards [5]/[1], mappings []
[2018-05-04T10:29:53,518][INFO ][o.e.c.m.MetaDataMappingService] [EpSLy7b] [tessssst_index/6QXRlFIURuikjscSw8cY1g] create_mapping [doc]
[2018-05-04T11:19:10,002][INFO ][o.e.c.m.MetaDataMappingService] [EpSLy7b] [tessssst_index/6QXRlFIURuikjscSw8cY1g] update_mapping [doc]
[2018-05-04T11:25:49,496][INFO ][o.e.c.m.MetaDataMappingService] [EpSLy7b] [test_index/olk-rFw3Ts-MHHGiUYh9Pw] create_mapping [test]
[2018-05-04T11:27:16,848][INFO ][o.e.c.m.MetaDataCreateIndexService] [EpSLy7b] [tddsest_index] creating index, cause [auto(index api)], templates [], shards [5]/[1], mappings []
[2018-05-04T11:27:17,016][INFO ][o.e.c.m.MetaDataMappingService] [EpSLy7b] [tddsest_index/3tvnVKX8TSOQwnyf7b5MQA] create_mapping [test]
[2018-05-04T11:41:32,672][INFO ][o.e.c.m.MetaDataCreateIndexService] [EpSLy7b] [location_index] creating index, cause [auto(index api)], templates [], shards [5]/[1], mappings []
[2018-05-04T14:13:25,070][INFO ][o.e.c.m.MetaDataCreateIndexService] [EpSLy7b] [quchempedia_index] creating index, cause [api], templates [], shards [5]/[1], mappings []
[2018-05-04T14:21:40,872][INFO ][o.e.c.m.MetaDataCreateIndexService] [EpSLy7b] [quchempedia_index] creating index, cause [api], templates [], shards [5]/[1], mappings []
[2018-05-04T14:21:41,048][INFO ][o.e.c.m.MetaDataMappingService] [EpSLy7b] [quchempedia_index/I5LkcwBfTb6dazKEpPXW3w] create_mapping [log_file]
[2018-05-04T14:21:41,141][INFO ][o.e.c.m.MetaDataMappingService] [EpSLy7b] [quchempedia_index/I5LkcwBfTb6dazKEpPXW3w] update_mapping [log_file]
[2018-05-04T14:21:41,314][INFO ][o.e.c.m.MetaDataMappingService] [EpSLy7b] [quchempedia_index/I5LkcwBfTb6dazKEpPXW3w] update_mapping [log_file]
[2018-05-04T17:18:31,936][WARN ][r.suppressed             ] path: /quchempedia_index/_search, params: {index=quchempedia_index}
com.fasterxml.jackson.core.JsonParseException: Unexpected character (''' (code 39)): expected a valid value (number, String, array, object, 'true', 'false' or 'null')
 at [Source: org.elasticsearch.transport.netty4.ByteBufStreamInput@766b4b26; line: 1, column: 31]
	at com.fasterxml.jackson.core.JsonParser._constructError(JsonParser.java:1702) ~[jackson-core-2.8.1.jar:2.8.1]
	at com.fasterxml.jackson.core.base.ParserMinimalBase._reportError(ParserMinimalBase.java:558) ~[jackson-core-2.8.1.jar:2.8.1]
	at com.fasterxml.jackson.core.base.ParserMinimalBase._reportUnexpectedChar(ParserMinimalBase.java:456) ~[jackson-core-2.8.1.jar:2.8.1]
	at com.fasterxml.jackson.core.json.UTF8StreamJsonParser._handleUnexpectedValue(UTF8StreamJsonParser.java:2686) ~[jackson-core-2.8.1.jar:2.8.1]
	at com.fasterxml.jackson.core.json.UTF8StreamJsonParser.nextToken(UTF8StreamJsonParser.java:832) ~[jackson-core-2.8.1.jar:2.8.1]
	at org.elasticsearch.common.xcontent.json.JsonXContentParser.nextToken(JsonXContentParser.java:52) ~[elasticsearch-5.1.1.jar:5.1.1]
	at org.elasticsearch.index.query.MatchQueryBuilder.fromXContent(MatchQueryBuilder.java:532) ~[elasticsearch-5.1.1.jar:5.1.1]
	at org.elasticsearch.index.query.QueryParseContext.parseInnerQueryBuilder(QueryParseContext.java:120) ~[elasticsearch-5.1.1.jar:5.1.1]
	at org.elasticsearch.search.builder.SearchSourceBuilder.parseXContent(SearchSourceBuilder.java:994) ~[elasticsearch-5.1.1.jar:5.1.1]
	at org.elasticsearch.rest.action.search.RestSearchAction.parseSearchRequest(RestSearchAction.java:105) ~[elasticsearch-5.1.1.jar:5.1.1]
	at org.elasticsearch.rest.action.search.RestSearchAction.prepareRequest(RestSearchAction.java:81) ~[elasticsearch-5.1.1.jar:5.1.1]
	at org.elasticsearch.rest.BaseRestHandler.handleRequest(BaseRestHandler.java:66) ~[elasticsearch-5.1.1.jar:5.1.1]
	at org.elasticsearch.rest.RestController.executeHandler(RestController.java:243) ~[elasticsearch-5.1.1.jar:5.1.1]
	at org.elasticsearch.rest.RestController.dispatchRequest(RestController.java:200) [elasticsearch-5.1.1.jar:5.1.1]
	at org.elasticsearch.http.HttpServer.dispatchRequest(HttpServer.java:113) [elasticsearch-5.1.1.jar:5.1.1]
	at org.elasticsearch.http.netty4.Netty4HttpServerTransport.dispatchRequest(Netty4HttpServerTransport.java:507) [transport-netty4-5.1.1.jar:5.1.1]
	at org.elasticsearch.http.netty4.Netty4HttpRequestHandler.channelRead0(Netty4HttpRequestHandler.java:69) [transport-netty4-5.1.1.jar:5.1.1]
	at io.netty.channel.SimpleChannelInboundHandler.channelRead(SimpleChannelInboundHandler.java:105) [netty-transport-4.1.6.Final.jar:4.1.6.Final]
	at io.netty.channel.AbstractChannelHandlerContext.invokeChannelRead(AbstractChannelHandlerContext.java:373) [netty-transport-4.1.6.Final.jar:4.1.6.Final]
	at io.netty.channel.AbstractChannelHandlerContext.invokeChannelRead(AbstractChannelHandlerContext.java:359) [netty-transport-4.1.6.Final.jar:4.1.6.Final]
	at io.netty.channel.AbstractChannelHandlerContext.fireChannelRead(AbstractChannelHandlerContext.java:351) [netty-transport-4.1.6.Final.jar:4.1.6.Final]
	at org.elasticsearch.http.netty4.pipelining.HttpPipeliningHandler.channelRead(HttpPipeliningHandler.java:66) [transport-netty4-5.1.1.jar:5.1.1]
	at io.netty.channel.AbstractChannelHandlerContext.invokeChannelRead(AbstractChannelHandlerContext.java:373) [netty-transport-4.1.6.Final.jar:4.1.6.Final]
	at io.netty.channel.AbstractChannelHandlerContext.invokeChannelRead(AbstractChannelHandlerContext.java:359) [netty-transport-4.1.6.Final.jar:4.1.6.Final]
	at io.netty.channel.AbstractChannelHandlerContext.fireChannelRead(AbstractChannelHandlerContext.java:351) [netty-transport-4.1.6.Final.jar:4.1.6.Final]
	at io.netty.handler.codec.MessageToMessageDecoder.channelRead(MessageToMessageDecoder.java:102) [netty-codec-4.1.6.Final.jar:4.1.6.Final]
	at io.netty.handler.codec.MessageToMessageCodec.channelRead(MessageToMessageCodec.java:111) [netty-codec-4.1.6.Final.jar:4.1.6.Final]
	at io.netty.channel.AbstractChannelHandlerContext.invokeChannelRead(AbstractChannelHandlerContext.java:373) [netty-transport-4.1.6.Final.jar:4.1.6.Final]
	at io.netty.channel.AbstractChannelHandlerContext.invokeChannelRead(AbstractChannelHandlerContext.java:359) [netty-transport-4.1.6.Final.jar:4.1.6.Final]
	at io.netty.channel.AbstractChannelHandlerContext.fireChannelRead(AbstractChannelHandlerContext.java:351) [netty-transport-4.1.6.Final.jar:4.1.6.Final]
	at io.netty.handler.codec.MessageToMessageDecoder.channelRead(MessageToMessageDecoder.java:102) [netty-codec-4.1.6.Final.jar:4.1.6.Final]
	at io.netty.channel.AbstractChannelHandlerContext.invokeChannelRead(AbstractChannelHandlerContext.java:373) [netty-transport-4.1.6.Final.jar:4.1.6.Final]
	at io.netty.channel.AbstractChannelHandlerContext.invokeChannelRead(AbstractChannelHandlerContext.java:359) [netty-transport-4.1.6.Final.jar:4.1.6.Final]
	at io.netty.channel.AbstractChannelHandlerContext.fireChannelRead(AbstractChannelHandlerContext.java:351) [netty-transport-4.1.6.Final.jar:4.1.6.Final]
	at io.netty.handler.codec.MessageToMessageDecoder.channelRead(MessageToMessageDecoder.java:102) [netty-codec-4.1.6.Final.jar:4.1.6.Final]
	at io.netty.channel.AbstractChannelHandlerContext.invokeChannelRead(AbstractChannelHandlerContext.java:373) [netty-transport-4.1.6.Final.jar:4.1.6.Final]
	at io.netty.channel.AbstractChannelHandlerContext.invokeChannelRead(AbstractChannelHandlerContext.java:359) [netty-transport-4.1.6.Final.jar:4.1.6.Final]
	at io.netty.channel.AbstractChannelHandlerContext.fireChannelRead(AbstractChannelHandlerContext.java:351) [netty-transport-4.1.6.Final.jar:4.1.6.Final]
	at io.netty.handler.codec.ByteToMessageDecoder.fireChannelRead(ByteToMessageDecoder.java:293) [netty-codec-4.1.6.Final.jar:4.1.6.Final]
	at io.netty.handler.codec.ByteToMessageDecoder.channelRead(ByteToMessageDecoder.java:267) [netty-codec-4.1.6.Final.jar:4.1.6.Final]
	at io.netty.channel.AbstractChannelHandlerContext.invokeChannelRead(AbstractChannelHandlerContext.java:373) [netty-transport-4.1.6.Final.jar:4.1.6.Final]
	at io.netty.channel.AbstractChannelHandlerContext.invokeChannelRead(AbstractChannelHandlerContext.java:359) [netty-transport-4.1.6.Final.jar:4.1.6.Final]
	at io.netty.channel.AbstractChannelHandlerContext.fireChannelRead(AbstractChannelHandlerContext.java:351) [netty-transport-4.1.6.Final.jar:4.1.6.Final]
	at io.netty.channel.ChannelInboundHandlerAdapter.channelRead(ChannelInboundHandlerAdapter.java:86) [netty-transport-4.1.6.Final.jar:4.1.6.Final]
	at io.netty.channel.AbstractChannelHandlerContext.invokeChannelRead(AbstractChannelHandlerContext.java:373) [netty-transport-4.1.6.Final.jar:4.1.6.Final]
	at io.netty.channel.AbstractChannelHandlerContext.invokeChannelRead(AbstractChannelHandlerContext.java:359) [netty-transport-4.1.6.Final.jar:4.1.6.Final]
	at io.netty.channel.AbstractChannelHandlerContext.fireChannelRead(AbstractChannelHandlerContext.java:351) [netty-transport-4.1.6.Final.jar:4.1.6.Final]
	at io.netty.channel.DefaultChannelPipeline$HeadContext.channelRead(DefaultChannelPipeline.java:1334) [netty-transport-4.1.6.Final.jar:4.1.6.Final]
	at io.netty.channel.AbstractChannelHandlerContext.invokeChannelRead(AbstractChannelHandlerContext.java:373) [netty-transport-4.1.6.Final.jar:4.1.6.Final]
	at io.netty.channel.AbstractChannelHandlerContext.invokeChannelRead(AbstractChannelHandlerContext.java:359) [netty-transport-4.1.6.Final.jar:4.1.6.Final]
	at io.netty.channel.DefaultChannelPipeline.fireChannelRead(DefaultChannelPipeline.java:926) [netty-transport-4.1.6.Final.jar:4.1.6.Final]
	at io.netty.channel.nio.AbstractNioByteChannel$NioByteUnsafe.read(AbstractNioByteChannel.java:129) [netty-transport-4.1.6.Final.jar:4.1.6.Final]
	at io.netty.channel.nio.NioEventLoop.processSelectedKey(NioEventLoop.java:651) [netty-transport-4.1.6.Final.jar:4.1.6.Final]
	at io.netty.channel.nio.NioEventLoop.processSelectedKeysPlain(NioEventLoop.java:536) [netty-transport-4.1.6.Final.jar:4.1.6.Final]
	at io.netty.channel.nio.NioEventLoop.processSelectedKeys(NioEventLoop.java:490) [netty-transport-4.1.6.Final.jar:4.1.6.Final]
	at io.netty.channel.nio.NioEventLoop.run(NioEventLoop.java:450) [netty-transport-4.1.6.Final.jar:4.1.6.Final]
	at io.netty.util.concurrent.SingleThreadEventExecutor$5.run(SingleThreadEventExecutor.java:873) [netty-common-4.1.6.Final.jar:4.1.6.Final]
	at java.lang.Thread.run(Thread.java:748) [?:1.8.0_162]
[2018-05-04T17:18:48,756][WARN ][r.suppressed             ] path: /quchempedia_index/_search, params: {index=quchempedia_index}
com.fasterxml.jackson.core.JsonParseException: Unexpected character (''' (code 39)): expected a valid value (number, String, array, object, 'true', 'false' or 'null')
 at [Source: org.elasticsearch.transport.netty4.ByteBufStreamInput@5701e158; line: 1, column: 31]
	at com.fasterxml.jackson.core.JsonParser._constructError(JsonParser.java:1702) ~[jackson-core-2.8.1.jar:2.8.1]
	at com.fasterxml.jackson.core.base.ParserMinimalBase._reportError(ParserMinimalBase.java:558) ~[jackson-core-2.8.1.jar:2.8.1]
	at com.fasterxml.jackson.core.base.ParserMinimalBase._reportUnexpectedChar(ParserMinimalBase.java:456) ~[jackson-core-2.8.1.jar:2.8.1]
	at com.fasterxml.jackson.core.json.UTF8StreamJsonParser._handleUnexpectedValue(UTF8StreamJsonParser.java:2686) ~[jackson-core-2.8.1.jar:2.8.1]
	at com.fasterxml.jackson.core.json.UTF8StreamJsonParser.nextToken(UTF8StreamJsonParser.java:832) ~[jackson-core-2.8.1.jar:2.8.1]
	at org.elasticsearch.common.xcontent.json.JsonXContentParser.nextToken(JsonXContentParser.java:52) ~[elasticsearch-5.1.1.jar:5.1.1]
	at org.elasticsearch.index.query.MatchQueryBuilder.fromXContent(MatchQueryBuilder.java:532) ~[elasticsearch-5.1.1.jar:5.1.1]
	at org.elasticsearch.index.query.QueryParseContext.parseInnerQueryBuilder(QueryParseContext.java:120) ~[elasticsearch-5.1.1.jar:5.1.1]
	at org.elasticsearch.search.builder.SearchSourceBuilder.parseXContent(SearchSourceBuilder.java:994) ~[elasticsearch-5.1.1.jar:5.1.1]
	at org.elasticsearch.rest.action.search.RestSearchAction.parseSearchRequest(RestSearchAction.java:105) ~[elasticsearch-5.1.1.jar:5.1.1]
	at org.elasticsearch.rest.action.search.RestSearchAction.prepareRequest(RestSearchAction.java:81) ~[elasticsearch-5.1.1.jar:5.1.1]
	at org.elasticsearch.rest.BaseRestHandler.handleRequest(BaseRestHandler.java:66) ~[elasticsearch-5.1.1.jar:5.1.1]
	at org.elasticsearch.rest.RestController.executeHandler(RestController.java:243) ~[elasticsearch-5.1.1.jar:5.1.1]
	at org.elasticsearch.rest.RestController.dispatchRequest(RestController.java:200) [elasticsearch-5.1.1.jar:5.1.1]
	at org.elasticsearch.http.HttpServer.dispatchRequest(HttpServer.java:113) [elasticsearch-5.1.1.jar:5.1.1]
	at org.elasticsearch.http.netty4.Netty4HttpServerTransport.dispatchRequest(Netty4HttpServerTransport.java:507) [transport-netty4-5.1.1.jar:5.1.1]
	at org.elasticsearch.http.netty4.Netty4HttpRequestHandler.channelRead0(Netty4HttpRequestHandler.java:69) [transport-netty4-5.1.1.jar:5.1.1]
	at io.netty.channel.SimpleChannelInboundHandler.channelRead(SimpleChannelInboundHandler.java:105) [netty-transport-4.1.6.Final.jar:4.1.6.Final]
	at io.netty.channel.AbstractChannelHandlerContext.invokeChannelRead(AbstractChannelHandlerContext.java:373) [netty-transport-4.1.6.Final.jar:4.1.6.Final]
	at io.netty.channel.AbstractChannelHandlerContext.invokeChannelRead(AbstractChannelHandlerContext.java:359) [netty-transport-4.1.6.Final.jar:4.1.6.Final]
	at io.netty.channel.AbstractChannelHandlerContext.fireChannelRead(AbstractChannelHandlerContext.java:351) [netty-transport-4.1.6.Final.jar:4.1.6.Final]
	at org.elasticsearch.http.netty4.pipelining.HttpPipeliningHandler.channelRead(HttpPipeliningHandler.java:66) [transport-netty4-5.1.1.jar:5.1.1]
	at io.netty.channel.AbstractChannelHandlerContext.invokeChannelRead(AbstractChannelHandlerContext.java:373) [netty-transport-4.1.6.Final.jar:4.1.6.Final]
	at io.netty.channel.AbstractChannelHandlerContext.invokeChannelRead(AbstractChannelHandlerContext.java:359) [netty-transport-4.1.6.Final.jar:4.1.6.Final]
	at io.netty.channel.AbstractChannelHandlerContext.fireChannelRead(AbstractChannelHandlerContext.java:351) [netty-transport-4.1.6.Final.jar:4.1.6.Final]
	at io.netty.handler.codec.MessageToMessageDecoder.channelRead(MessageToMessageDecoder.java:102) [netty-codec-4.1.6.Final.jar:4.1.6.Final]
	at io.netty.handler.codec.MessageToMessageCodec.channelRead(MessageToMessageCodec.java:111) [netty-codec-4.1.6.Final.jar:4.1.6.Final]
	at io.netty.channel.AbstractChannelHandlerContext.invokeChannelRead(AbstractChannelHandlerContext.java:373) [netty-transport-4.1.6.Final.jar:4.1.6.Final]
	at io.netty.channel.AbstractChannelHandlerContext.invokeChannelRead(AbstractChannelHandlerContext.java:359) [netty-transport-4.1.6.Final.jar:4.1.6.Final]
	at io.netty.channel.AbstractChannelHandlerContext.fireChannelRead(AbstractChannelHandlerContext.java:351) [netty-transport-4.1.6.Final.jar:4.1.6.Final]
	at io.netty.handler.codec.MessageToMessageDecoder.channelRead(MessageToMessageDecoder.java:102) [netty-codec-4.1.6.Final.jar:4.1.6.Final]
	at io.netty.channel.AbstractChannelHandlerContext.invokeChannelRead(AbstractChannelHandlerContext.java:373) [netty-transport-4.1.6.Final.jar:4.1.6.Final]
	at io.netty.channel.AbstractChannelHandlerContext.invokeChannelRead(AbstractChannelHandlerContext.java:359) [netty-transport-4.1.6.Final.jar:4.1.6.Final]
	at io.netty.channel.AbstractChannelHandlerContext.fireChannelRead(AbstractChannelHandlerContext.java:351) [netty-transport-4.1.6.Final.jar:4.1.6.Final]
	at io.netty.handler.codec.MessageToMessageDecoder.channelRead(MessageToMessageDecoder.java:102) [netty-codec-4.1.6.Final.jar:4.1.6.Final]
	at io.netty.channel.AbstractChannelHandlerContext.invokeChannelRead(AbstractChannelHandlerContext.java:373) [netty-transport-4.1.6.Final.jar:4.1.6.Final]
	at io.netty.channel.AbstractChannelHandlerContext.invokeChannelRead(AbstractChannelHandlerContext.java:359) [netty-transport-4.1.6.Final.jar:4.1.6.Final]
	at io.netty.channel.AbstractChannelHandlerContext.fireChannelRead(AbstractChannelHandlerContext.java:351) [netty-transport-4.1.6.Final.jar:4.1.6.Final]
	at io.netty.handler.codec.ByteToMessageDecoder.fireChannelRead(ByteToMessageDecoder.java:293) [netty-codec-4.1.6.Final.jar:4.1.6.Final]
	at io.netty.handler.codec.ByteToMessageDecoder.channelRead(ByteToMessageDecoder.java:267) [netty-codec-4.1.6.Final.jar:4.1.6.Final]
	at io.netty.channel.AbstractChannelHandlerContext.invokeChannelRead(AbstractChannelHandlerContext.java:373) [netty-transport-4.1.6.Final.jar:4.1.6.Final]
	at io.netty.channel.AbstractChannelHandlerContext.invokeChannelRead(AbstractChannelHandlerContext.java:359) [netty-transport-4.1.6.Final.jar:4.1.6.Final]
	at io.netty.channel.AbstractChannelHandlerContext.fireChannelRead(AbstractChannelHandlerContext.java:351) [netty-transport-4.1.6.Final.jar:4.1.6.Final]
	at io.netty.channel.ChannelInboundHandlerAdapter.channelRead(ChannelInboundHandlerAdapter.java:86) [netty-transport-4.1.6.Final.jar:4.1.6.Final]
	at io.netty.channel.AbstractChannelHandlerContext.invokeChannelRead(AbstractChannelHandlerContext.java:373) [netty-transport-4.1.6.Final.jar:4.1.6.Final]
	at io.netty.channel.AbstractChannelHandlerContext.invokeChannelRead(AbstractChannelHandlerContext.java:359) [netty-transport-4.1.6.Final.jar:4.1.6.Final]
	at io.netty.channel.AbstractChannelHandlerContext.fireChannelRead(AbstractChannelHandlerContext.java:351) [netty-transport-4.1.6.Final.jar:4.1.6.Final]
	at io.netty.channel.DefaultChannelPipeline$HeadContext.channelRead(DefaultChannelPipeline.java:1334) [netty-transport-4.1.6.Final.jar:4.1.6.Final]
	at io.netty.channel.AbstractChannelHandlerContext.invokeChannelRead(AbstractChannelHandlerContext.java:373) [netty-transport-4.1.6.Final.jar:4.1.6.Final]
	at io.netty.channel.AbstractChannelHandlerContext.invokeChannelRead(AbstractChannelHandlerContext.java:359) [netty-transport-4.1.6.Final.jar:4.1.6.Final]
	at io.netty.channel.DefaultChannelPipeline.fireChannelRead(DefaultChannelPipeline.java:926) [netty-transport-4.1.6.Final.jar:4.1.6.Final]
	at io.netty.channel.nio.AbstractNioByteChannel$NioByteUnsafe.read(AbstractNioByteChannel.java:129) [netty-transport-4.1.6.Final.jar:4.1.6.Final]
	at io.netty.channel.nio.NioEventLoop.processSelectedKey(NioEventLoop.java:651) [netty-transport-4.1.6.Final.jar:4.1.6.Final]
	at io.netty.channel.nio.NioEventLoop.processSelectedKeysPlain(NioEventLoop.java:536) [netty-transport-4.1.6.Final.jar:4.1.6.Final]
	at io.netty.channel.nio.NioEventLoop.processSelectedKeys(NioEventLoop.java:490) [netty-transport-4.1.6.Final.jar:4.1.6.Final]
	at io.netty.channel.nio.NioEventLoop.run(NioEventLoop.java:450) [netty-transport-4.1.6.Final.jar:4.1.6.Final]
	at io.netty.util.concurrent.SingleThreadEventExecutor$5.run(SingleThreadEventExecutor.java:873) [netty-common-4.1.6.Final.jar:4.1.6.Final]
	at java.lang.Thread.run(Thread.java:748) [?:1.8.0_162]
[2018-05-04T17:20:36,158][WARN ][r.suppressed             ] path: /quchempedia_index/_search, params: {index=quchempedia_index}
com.fasterxml.jackson.core.JsonParseException: Unexpected character (''' (code 39)): was expecting double-quote to start field name
 at [Source: org.elasticsearch.transport.netty4.ByteBufStreamInput@4dc9ad6d; line: 1, column: 3]
	at com.fasterxml.jackson.core.JsonParser._constructError(JsonParser.java:1702) ~[jackson-core-2.8.1.jar:2.8.1]
	at com.fasterxml.jackson.core.base.ParserMinimalBase._reportError(ParserMinimalBase.java:558) ~[jackson-core-2.8.1.jar:2.8.1]
	at com.fasterxml.jackson.core.base.ParserMinimalBase._reportUnexpectedChar(ParserMinimalBase.java:456) ~[jackson-core-2.8.1.jar:2.8.1]
	at com.fasterxml.jackson.core.json.UTF8StreamJsonParser._handleOddName(UTF8StreamJsonParser.java:2050) ~[jackson-core-2.8.1.jar:2.8.1]
	at com.fasterxml.jackson.core.json.UTF8StreamJsonParser._parseName(UTF8StreamJsonParser.java:1697) ~[jackson-core-2.8.1.jar:2.8.1]
	at com.fasterxml.jackson.core.json.UTF8StreamJsonParser.nextToken(UTF8StreamJsonParser.java:776) ~[jackson-core-2.8.1.jar:2.8.1]
	at org.elasticsearch.common.xcontent.json.JsonXContentParser.nextToken(JsonXContentParser.java:52) ~[elasticsearch-5.1.1.jar:5.1.1]
	at org.elasticsearch.search.builder.SearchSourceBuilder.parseXContent(SearchSourceBuilder.java:955) ~[elasticsearch-5.1.1.jar:5.1.1]
	at org.elasticsearch.rest.action.search.RestSearchAction.parseSearchRequest(RestSearchAction.java:105) ~[elasticsearch-5.1.1.jar:5.1.1]
	at org.elasticsearch.rest.action.search.RestSearchAction.prepareRequest(RestSearchAction.java:81) ~[elasticsearch-5.1.1.jar:5.1.1]
	at org.elasticsearch.rest.BaseRestHandler.handleRequest(BaseRestHandler.java:66) ~[elasticsearch-5.1.1.jar:5.1.1]
	at org.elasticsearch.rest.RestController.executeHandler(RestController.java:243) ~[elasticsearch-5.1.1.jar:5.1.1]
	at org.elasticsearch.rest.RestController.dispatchRequest(RestController.java:200) [elasticsearch-5.1.1.jar:5.1.1]
	at org.elasticsearch.http.HttpServer.dispatchRequest(HttpServer.java:113) [elasticsearch-5.1.1.jar:5.1.1]
	at org.elasticsearch.http.netty4.Netty4HttpServerTransport.dispatchRequest(Netty4HttpServerTransport.java:507) [transport-netty4-5.1.1.jar:5.1.1]
	at org.elasticsearch.http.netty4.Netty4HttpRequestHandler.channelRead0(Netty4HttpRequestHandler.java:69) [transport-netty4-5.1.1.jar:5.1.1]
	at io.netty.channel.SimpleChannelInboundHandler.channelRead(SimpleChannelInboundHandler.java:105) [netty-transport-4.1.6.Final.jar:4.1.6.Final]
	at io.netty.channel.AbstractChannelHandlerContext.invokeChannelRead(AbstractChannelHandlerContext.java:373) [netty-transport-4.1.6.Final.jar:4.1.6.Final]
	at io.netty.channel.AbstractChannelHandlerContext.invokeChannelRead(AbstractChannelHandlerContext.java:359) [netty-transport-4.1.6.Final.jar:4.1.6.Final]
	at io.netty.channel.AbstractChannelHandlerContext.fireChannelRead(AbstractChannelHandlerContext.java:351) [netty-transport-4.1.6.Final.jar:4.1.6.Final]
	at org.elasticsearch.http.netty4.pipelining.HttpPipeliningHandler.channelRead(HttpPipeliningHandler.java:66) [transport-netty4-5.1.1.jar:5.1.1]
	at io.netty.channel.AbstractChannelHandlerContext.invokeChannelRead(AbstractChannelHandlerContext.java:373) [netty-transport-4.1.6.Final.jar:4.1.6.Final]
	at io.netty.channel.AbstractChannelHandlerContext.invokeChannelRead(AbstractChannelHandlerContext.java:359) [netty-transport-4.1.6.Final.jar:4.1.6.Final]
	at io.netty.channel.AbstractChannelHandlerContext.fireChannelRead(AbstractChannelHandlerContext.java:351) [netty-transport-4.1.6.Final.jar:4.1.6.Final]
	at io.netty.handler.codec.MessageToMessageDecoder.channelRead(MessageToMessageDecoder.java:102) [netty-codec-4.1.6.Final.jar:4.1.6.Final]
	at io.netty.handler.codec.MessageToMessageCodec.channelRead(MessageToMessageCodec.java:111) [netty-codec-4.1.6.Final.jar:4.1.6.Final]
	at io.netty.channel.AbstractChannelHandlerContext.invokeChannelRead(AbstractChannelHandlerContext.java:373) [netty-transport-4.1.6.Final.jar:4.1.6.Final]
	at io.netty.channel.AbstractChannelHandlerContext.invokeChannelRead(AbstractChannelHandlerContext.java:359) [netty-transport-4.1.6.Final.jar:4.1.6.Final]
	at io.netty.channel.AbstractChannelHandlerContext.fireChannelRead(AbstractChannelHandlerContext.java:351) [netty-transport-4.1.6.Final.jar:4.1.6.Final]
	at io.netty.handler.codec.MessageToMessageDecoder.channelRead(MessageToMessageDecoder.java:102) [netty-codec-4.1.6.Final.jar:4.1.6.Final]
	at io.netty.channel.AbstractChannelHandlerContext.invokeChannelRead(AbstractChannelHandlerContext.java:373) [netty-transport-4.1.6.Final.jar:4.1.6.Final]
	at io.netty.channel.AbstractChannelHandlerContext.invokeChannelRead(AbstractChannelHandlerContext.java:359) [netty-transport-4.1.6.Final.jar:4.1.6.Final]
	at io.netty.channel.AbstractChannelHandlerContext.fireChannelRead(AbstractChannelHandlerContext.java:351) [netty-transport-4.1.6.Final.jar:4.1.6.Final]
	at io.netty.handler.codec.MessageToMessageDecoder.channelRead(MessageToMessageDecoder.java:102) [netty-codec-4.1.6.Final.jar:4.1.6.Final]
	at io.netty.channel.AbstractChannelHandlerContext.invokeChannelRead(AbstractChannelHandlerContext.java:373) [netty-transport-4.1.6.Final.jar:4.1.6.Final]
	at io.netty.channel.AbstractChannelHandlerContext.invokeChannelRead(AbstractChannelHandlerContext.java:359) [netty-transport-4.1.6.Final.jar:4.1.6.Final]
	at io.netty.channel.AbstractChannelHandlerContext.fireChannelRead(AbstractChannelHandlerContext.java:351) [netty-transport-4.1.6.Final.jar:4.1.6.Final]
	at io.netty.handler.codec.ByteToMessageDecoder.fireChannelRead(ByteToMessageDecoder.java:293) [netty-codec-4.1.6.Final.jar:4.1.6.Final]
	at io.netty.handler.codec.ByteToMessageDecoder.channelRead(ByteToMessageDecoder.java:267) [netty-codec-4.1.6.Final.jar:4.1.6.Final]
	at io.netty.channel.AbstractChannelHandlerContext.invokeChannelRead(AbstractChannelHandlerContext.java:373) [netty-transport-4.1.6.Final.jar:4.1.6.Final]
	at io.netty.channel.AbstractChannelHandlerContext.invokeChannelRead(AbstractChannelHandlerContext.java:359) [netty-transport-4.1.6.Final.jar:4.1.6.Final]
	at io.netty.channel.AbstractChannelHandlerContext.fireChannelRead(AbstractChannelHandlerContext.java:351) [netty-transport-4.1.6.Final.jar:4.1.6.Final]
	at io.netty.channel.ChannelInboundHandlerAdapter.channelRead(ChannelInboundHandlerAdapter.java:86) [netty-transport-4.1.6.Final.jar:4.1.6.Final]
	at io.netty.channel.AbstractChannelHandlerContext.invokeChannelRead(AbstractChannelHandlerContext.java:373) [netty-transport-4.1.6.Final.jar:4.1.6.Final]
	at io.netty.channel.AbstractChannelHandlerContext.invokeChannelRead(AbstractChannelHandlerContext.java:359) [netty-transport-4.1.6.Final.jar:4.1.6.Final]
	at io.netty.channel.AbstractChannelHandlerContext.fireChannelRead(AbstractChannelHandlerContext.java:351) [netty-transport-4.1.6.Final.jar:4.1.6.Final]
	at io.netty.channel.DefaultChannelPipeline$HeadContext.channelRead(DefaultChannelPipeline.java:1334) [netty-transport-4.1.6.Final.jar:4.1.6.Final]
	at io.netty.channel.AbstractChannelHandlerContext.invokeChannelRead(AbstractChannelHandlerContext.java:373) [netty-transport-4.1.6.Final.jar:4.1.6.Final]
	at io.netty.channel.AbstractChannelHandlerContext.invokeChannelRead(AbstractChannelHandlerContext.java:359) [netty-transport-4.1.6.Final.jar:4.1.6.Final]
	at io.netty.channel.DefaultChannelPipeline.fireChannelRead(DefaultChannelPipeline.java:926) [netty-transport-4.1.6.Final.jar:4.1.6.Final]
	at io.netty.channel.nio.AbstractNioByteChannel$NioByteUnsafe.read(AbstractNioByteChannel.java:129) [netty-transport-4.1.6.Final.jar:4.1.6.Final]
	at io.netty.channel.nio.NioEventLoop.processSelectedKey(NioEventLoop.java:651) [netty-transport-4.1.6.Final.jar:4.1.6.Final]
	at io.netty.channel.nio.NioEventLoop.processSelectedKeysPlain(NioEventLoop.java:536) [netty-transport-4.1.6.Final.jar:4.1.6.Final]
	at io.netty.channel.nio.NioEventLoop.processSelectedKeys(NioEventLoop.java:490) [netty-transport-4.1.6.Final.jar:4.1.6.Final]
	at io.netty.channel.nio.NioEventLoop.run(NioEventLoop.java:450) [netty-transport-4.1.6.Final.jar:4.1.6.Final]
	at io.netty.util.concurrent.SingleThreadEventExecutor$5.run(SingleThreadEventExecutor.java:873) [netty-common-4.1.6.Final.jar:4.1.6.Final]
	at java.lang.Thread.run(Thread.java:748) [?:1.8.0_162]
[2018-05-04T17:21:10,955][WARN ][r.suppressed             ] path: /quchempedia_index/_search, params: {index=quchempedia_index}
com.fasterxml.jackson.core.JsonParseException: Unrecognized token 'InChI': was expecting 'null', 'true', 'false' or NaN
 at [Source: org.elasticsearch.transport.netty4.ByteBufStreamInput@2843eef1; line: 1, column: 36]
	at com.fasterxml.jackson.core.JsonParser._constructError(JsonParser.java:1702) ~[jackson-core-2.8.1.jar:2.8.1]
	at com.fasterxml.jackson.core.base.ParserMinimalBase._reportError(ParserMinimalBase.java:558) ~[jackson-core-2.8.1.jar:2.8.1]
	at com.fasterxml.jackson.core.json.UTF8StreamJsonParser._reportInvalidToken(UTF8StreamJsonParser.java:3526) ~[jackson-core-2.8.1.jar:2.8.1]
	at com.fasterxml.jackson.core.json.UTF8StreamJsonParser._reportInvalidToken(UTF8StreamJsonParser.java:3504) ~[jackson-core-2.8.1.jar:2.8.1]
	at com.fasterxml.jackson.core.json.UTF8StreamJsonParser._matchToken(UTF8StreamJsonParser.java:2823) ~[jackson-core-2.8.1.jar:2.8.1]
	at com.fasterxml.jackson.core.json.UTF8StreamJsonParser._handleUnexpectedValue(UTF8StreamJsonParser.java:2667) ~[jackson-core-2.8.1.jar:2.8.1]
	at com.fasterxml.jackson.core.json.UTF8StreamJsonParser.nextToken(UTF8StreamJsonParser.java:832) ~[jackson-core-2.8.1.jar:2.8.1]
	at org.elasticsearch.common.xcontent.json.JsonXContentParser.nextToken(JsonXContentParser.java:52) ~[elasticsearch-5.1.1.jar:5.1.1]
	at org.elasticsearch.index.query.MatchQueryBuilder.fromXContent(MatchQueryBuilder.java:532) ~[elasticsearch-5.1.1.jar:5.1.1]
	at org.elasticsearch.index.query.QueryParseContext.parseInnerQueryBuilder(QueryParseContext.java:120) ~[elasticsearch-5.1.1.jar:5.1.1]
	at org.elasticsearch.search.builder.SearchSourceBuilder.parseXContent(SearchSourceBuilder.java:994) ~[elasticsearch-5.1.1.jar:5.1.1]
	at org.elasticsearch.rest.action.search.RestSearchAction.parseSearchRequest(RestSearchAction.java:105) ~[elasticsearch-5.1.1.jar:5.1.1]
	at org.elasticsearch.rest.action.search.RestSearchAction.prepareRequest(RestSearchAction.java:81) ~[elasticsearch-5.1.1.jar:5.1.1]
	at org.elasticsearch.rest.BaseRestHandler.handleRequest(BaseRestHandler.java:66) ~[elasticsearch-5.1.1.jar:5.1.1]
	at org.elasticsearch.rest.RestController.executeHandler(RestController.java:243) ~[elasticsearch-5.1.1.jar:5.1.1]
	at org.elasticsearch.rest.RestController.dispatchRequest(RestController.java:200) [elasticsearch-5.1.1.jar:5.1.1]
	at org.elasticsearch.http.HttpServer.dispatchRequest(HttpServer.java:113) [elasticsearch-5.1.1.jar:5.1.1]
	at org.elasticsearch.http.netty4.Netty4HttpServerTransport.dispatchRequest(Netty4HttpServerTransport.java:507) [transport-netty4-5.1.1.jar:5.1.1]
	at org.elasticsearch.http.netty4.Netty4HttpRequestHandler.channelRead0(Netty4HttpRequestHandler.java:69) [transport-netty4-5.1.1.jar:5.1.1]
	at io.netty.channel.SimpleChannelInboundHandler.channelRead(SimpleChannelInboundHandler.java:105) [netty-transport-4.1.6.Final.jar:4.1.6.Final]
	at io.netty.channel.AbstractChannelHandlerContext.invokeChannelRead(AbstractChannelHandlerContext.java:373) [netty-transport-4.1.6.Final.jar:4.1.6.Final]
	at io.netty.channel.AbstractChannelHandlerContext.invokeChannelRead(AbstractChannelHandlerContext.java:359) [netty-transport-4.1.6.Final.jar:4.1.6.Final]
	at io.netty.channel.AbstractChannelHandlerContext.fireChannelRead(AbstractChannelHandlerContext.java:351) [netty-transport-4.1.6.Final.jar:4.1.6.Final]
	at org.elasticsearch.http.netty4.pipelining.HttpPipeliningHandler.channelRead(HttpPipeliningHandler.java:66) [transport-netty4-5.1.1.jar:5.1.1]
	at io.netty.channel.AbstractChannelHandlerContext.invokeChannelRead(AbstractChannelHandlerContext.java:373) [netty-transport-4.1.6.Final.jar:4.1.6.Final]
	at io.netty.channel.AbstractChannelHandlerContext.invokeChannelRead(AbstractChannelHandlerContext.java:359) [netty-transport-4.1.6.Final.jar:4.1.6.Final]
	at io.netty.channel.AbstractChannelHandlerContext.fireChannelRead(AbstractChannelHandlerContext.java:351) [netty-transport-4.1.6.Final.jar:4.1.6.Final]
	at io.netty.handler.codec.MessageToMessageDecoder.channelRead(MessageToMessageDecoder.java:102) [netty-codec-4.1.6.Final.jar:4.1.6.Final]
	at io.netty.handler.codec.MessageToMessageCodec.channelRead(MessageToMessageCodec.java:111) [netty-codec-4.1.6.Final.jar:4.1.6.Final]
	at io.netty.channel.AbstractChannelHandlerContext.invokeChannelRead(AbstractChannelHandlerContext.java:373) [netty-transport-4.1.6.Final.jar:4.1.6.Final]
	at io.netty.channel.AbstractChannelHandlerContext.invokeChannelRead(AbstractChannelHandlerContext.java:359) [netty-transport-4.1.6.Final.jar:4.1.6.Final]
	at io.netty.channel.AbstractChannelHandlerContext.fireChannelRead(AbstractChannelHandlerContext.java:351) [netty-transport-4.1.6.Final.jar:4.1.6.Final]
	at io.netty.handler.codec.MessageToMessageDecoder.channelRead(MessageToMessageDecoder.java:102) [netty-codec-4.1.6.Final.jar:4.1.6.Final]
	at io.netty.channel.AbstractChannelHandlerContext.invokeChannelRead(AbstractChannelHandlerContext.java:373) [netty-transport-4.1.6.Final.jar:4.1.6.Final]
	at io.netty.channel.AbstractChannelHandlerContext.invokeChannelRead(AbstractChannelHandlerContext.java:359) [netty-transport-4.1.6.Final.jar:4.1.6.Final]
	at io.netty.channel.AbstractChannelHandlerContext.fireChannelRead(AbstractChannelHandlerContext.java:351) [netty-transport-4.1.6.Final.jar:4.1.6.Final]
	at io.netty.handler.codec.MessageToMessageDecoder.channelRead(MessageToMessageDecoder.java:102) [netty-codec-4.1.6.Final.jar:4.1.6.Final]
	at io.netty.channel.AbstractChannelHandlerContext.invokeChannelRead(AbstractChannelHandlerContext.java:373) [netty-transport-4.1.6.Final.jar:4.1.6.Final]
	at io.netty.channel.AbstractChannelHandlerContext.invokeChannelRead(AbstractChannelHandlerContext.java:359) [netty-transport-4.1.6.Final.jar:4.1.6.Final]
	at io.netty.channel.AbstractChannelHandlerContext.fireChannelRead(AbstractChannelHandlerContext.java:351) [netty-transport-4.1.6.Final.jar:4.1.6.Final]
	at io.netty.handler.codec.ByteToMessageDecoder.fireChannelRead(ByteToMessageDecoder.java:293) [netty-codec-4.1.6.Final.jar:4.1.6.Final]
	at io.netty.handler.codec.ByteToMessageDecoder.channelRead(ByteToMessageDecoder.java:267) [netty-codec-4.1.6.Final.jar:4.1.6.Final]
	at io.netty.channel.AbstractChannelHandlerContext.invokeChannelRead(AbstractChannelHandlerContext.java:373) [netty-transport-4.1.6.Final.jar:4.1.6.Final]
	at io.netty.channel.AbstractChannelHandlerContext.invokeChannelRead(AbstractChannelHandlerContext.java:359) [netty-transport-4.1.6.Final.jar:4.1.6.Final]
	at io.netty.channel.AbstractChannelHandlerContext.fireChannelRead(AbstractChannelHandlerContext.java:351) [netty-transport-4.1.6.Final.jar:4.1.6.Final]
	at io.netty.channel.ChannelInboundHandlerAdapter.channelRead(ChannelInboundHandlerAdapter.java:86) [netty-transport-4.1.6.Final.jar:4.1.6.Final]
	at io.netty.channel.AbstractChannelHandlerContext.invokeChannelRead(AbstractChannelHandlerContext.java:373) [netty-transport-4.1.6.Final.jar:4.1.6.Final]
	at io.netty.channel.AbstractChannelHandlerContext.invokeChannelRead(AbstractChannelHandlerContext.java:359) [netty-transport-4.1.6.Final.jar:4.1.6.Final]
	at io.netty.channel.AbstractChannelHandlerContext.fireChannelRead(AbstractChannelHandlerContext.java:351) [netty-transport-4.1.6.Final.jar:4.1.6.Final]
	at io.netty.channel.DefaultChannelPipeline$HeadContext.channelRead(DefaultChannelPipeline.java:1334) [netty-transport-4.1.6.Final.jar:4.1.6.Final]
	at io.netty.channel.AbstractChannelHandlerContext.invokeChannelRead(AbstractChannelHandlerContext.java:373) [netty-transport-4.1.6.Final.jar:4.1.6.Final]
	at io.netty.channel.AbstractChannelHandlerContext.invokeChannelRead(AbstractChannelHandlerContext.java:359) [netty-transport-4.1.6.Final.jar:4.1.6.Final]
	at io.netty.channel.DefaultChannelPipeline.fireChannelRead(DefaultChannelPipeline.java:926) [netty-transport-4.1.6.Final.jar:4.1.6.Final]
	at io.netty.channel.nio.AbstractNioByteChannel$NioByteUnsafe.read(AbstractNioByteChannel.java:129) [netty-transport-4.1.6.Final.jar:4.1.6.Final]
	at io.netty.channel.nio.NioEventLoop.processSelectedKey(NioEventLoop.java:651) [netty-transport-4.1.6.Final.jar:4.1.6.Final]
	at io.netty.channel.nio.NioEventLoop.processSelectedKeysPlain(NioEventLoop.java:536) [netty-transport-4.1.6.Final.jar:4.1.6.Final]
	at io.netty.channel.nio.NioEventLoop.processSelectedKeys(NioEventLoop.java:490) [netty-transport-4.1.6.Final.jar:4.1.6.Final]
	at io.netty.channel.nio.NioEventLoop.run(NioEventLoop.java:450) [netty-transport-4.1.6.Final.jar:4.1.6.Final]
	at io.netty.util.concurrent.SingleThreadEventExecutor$5.run(SingleThreadEventExecutor.java:873) [netty-common-4.1.6.Final.jar:4.1.6.Final]
	at java.lang.Thread.run(Thread.java:748) [?:1.8.0_162]
[2018-05-04T17:22:14,326][WARN ][r.suppressed             ] path: /quchempedia_index/_search, params: {index=quchempedia_index}
com.fasterxml.jackson.core.JsonParseException: Unexpected character (''' (code 39)): expected a valid value (number, String, array, object, 'true', 'false' or 'null')
 at [Source: org.elasticsearch.transport.netty4.ByteBufStreamInput@1bd87a12; line: 1, column: 31]
	at com.fasterxml.jackson.core.JsonParser._constructError(JsonParser.java:1702) ~[jackson-core-2.8.1.jar:2.8.1]
	at com.fasterxml.jackson.core.base.ParserMinimalBase._reportError(ParserMinimalBase.java:558) ~[jackson-core-2.8.1.jar:2.8.1]
	at com.fasterxml.jackson.core.base.ParserMinimalBase._reportUnexpectedChar(ParserMinimalBase.java:456) ~[jackson-core-2.8.1.jar:2.8.1]
	at com.fasterxml.jackson.core.json.UTF8StreamJsonParser._handleUnexpectedValue(UTF8StreamJsonParser.java:2686) ~[jackson-core-2.8.1.jar:2.8.1]
	at com.fasterxml.jackson.core.json.UTF8StreamJsonParser.nextToken(UTF8StreamJsonParser.java:832) ~[jackson-core-2.8.1.jar:2.8.1]
	at org.elasticsearch.common.xcontent.json.JsonXContentParser.nextToken(JsonXContentParser.java:52) ~[elasticsearch-5.1.1.jar:5.1.1]
	at org.elasticsearch.index.query.MatchQueryBuilder.fromXContent(MatchQueryBuilder.java:532) ~[elasticsearch-5.1.1.jar:5.1.1]
	at org.elasticsearch.index.query.QueryParseContext.parseInnerQueryBuilder(QueryParseContext.java:120) ~[elasticsearch-5.1.1.jar:5.1.1]
	at org.elasticsearch.search.builder.SearchSourceBuilder.parseXContent(SearchSourceBuilder.java:994) ~[elasticsearch-5.1.1.jar:5.1.1]
	at org.elasticsearch.rest.action.search.RestSearchAction.parseSearchRequest(RestSearchAction.java:105) ~[elasticsearch-5.1.1.jar:5.1.1]
	at org.elasticsearch.rest.action.search.RestSearchAction.prepareRequest(RestSearchAction.java:81) ~[elasticsearch-5.1.1.jar:5.1.1]
	at org.elasticsearch.rest.BaseRestHandler.handleRequest(BaseRestHandler.java:66) ~[elasticsearch-5.1.1.jar:5.1.1]
	at org.elasticsearch.rest.RestController.executeHandler(RestController.java:243) ~[elasticsearch-5.1.1.jar:5.1.1]
	at org.elasticsearch.rest.RestController.dispatchRequest(RestController.java:200) [elasticsearch-5.1.1.jar:5.1.1]
	at org.elasticsearch.http.HttpServer.dispatchRequest(HttpServer.java:113) [elasticsearch-5.1.1.jar:5.1.1]
	at org.elasticsearch.http.netty4.Netty4HttpServerTransport.dispatchRequest(Netty4HttpServerTransport.java:507) [transport-netty4-5.1.1.jar:5.1.1]
	at org.elasticsearch.http.netty4.Netty4HttpRequestHandler.channelRead0(Netty4HttpRequestHandler.java:69) [transport-netty4-5.1.1.jar:5.1.1]
	at io.netty.channel.SimpleChannelInboundHandler.channelRead(SimpleChannelInboundHandler.java:105) [netty-transport-4.1.6.Final.jar:4.1.6.Final]
	at io.netty.channel.AbstractChannelHandlerContext.invokeChannelRead(AbstractChannelHandlerContext.java:373) [netty-transport-4.1.6.Final.jar:4.1.6.Final]
	at io.netty.channel.AbstractChannelHandlerContext.invokeChannelRead(AbstractChannelHandlerContext.java:359) [netty-transport-4.1.6.Final.jar:4.1.6.Final]
	at io.netty.channel.AbstractChannelHandlerContext.fireChannelRead(AbstractChannelHandlerContext.java:351) [netty-transport-4.1.6.Final.jar:4.1.6.Final]
	at org.elasticsearch.http.netty4.pipelining.HttpPipeliningHandler.channelRead(HttpPipeliningHandler.java:66) [transport-netty4-5.1.1.jar:5.1.1]
	at io.netty.channel.AbstractChannelHandlerContext.invokeChannelRead(AbstractChannelHandlerContext.java:373) [netty-transport-4.1.6.Final.jar:4.1.6.Final]
	at io.netty.channel.AbstractChannelHandlerContext.invokeChannelRead(AbstractChannelHandlerContext.java:359) [netty-transport-4.1.6.Final.jar:4.1.6.Final]
	at io.netty.channel.AbstractChannelHandlerContext.fireChannelRead(AbstractChannelHandlerContext.java:351) [netty-transport-4.1.6.Final.jar:4.1.6.Final]
	at io.netty.handler.codec.MessageToMessageDecoder.channelRead(MessageToMessageDecoder.java:102) [netty-codec-4.1.6.Final.jar:4.1.6.Final]
	at io.netty.handler.codec.MessageToMessageCodec.channelRead(MessageToMessageCodec.java:111) [netty-codec-4.1.6.Final.jar:4.1.6.Final]
	at io.netty.channel.AbstractChannelHandlerContext.invokeChannelRead(AbstractChannelHandlerContext.java:373) [netty-transport-4.1.6.Final.jar:4.1.6.Final]
	at io.netty.channel.AbstractChannelHandlerContext.invokeChannelRead(AbstractChannelHandlerContext.java:359) [netty-transport-4.1.6.Final.jar:4.1.6.Final]
	at io.netty.channel.AbstractChannelHandlerContext.fireChannelRead(AbstractChannelHandlerContext.java:351) [netty-transport-4.1.6.Final.jar:4.1.6.Final]
	at io.netty.handler.codec.MessageToMessageDecoder.channelRead(MessageToMessageDecoder.java:102) [netty-codec-4.1.6.Final.jar:4.1.6.Final]
	at io.netty.channel.AbstractChannelHandlerContext.invokeChannelRead(AbstractChannelHandlerContext.java:373) [netty-transport-4.1.6.Final.jar:4.1.6.Final]
	at io.netty.channel.AbstractChannelHandlerContext.invokeChannelRead(AbstractChannelHandlerContext.java:359) [netty-transport-4.1.6.Final.jar:4.1.6.Final]
	at io.netty.channel.AbstractChannelHandlerContext.fireChannelRead(AbstractChannelHandlerContext.java:351) [netty-transport-4.1.6.Final.jar:4.1.6.Final]
	at io.netty.handler.codec.MessageToMessageDecoder.channelRead(MessageToMessageDecoder.java:102) [netty-codec-4.1.6.Final.jar:4.1.6.Final]
	at io.netty.channel.AbstractChannelHandlerContext.invokeChannelRead(AbstractChannelHandlerContext.java:373) [netty-transport-4.1.6.Final.jar:4.1.6.Final]
	at io.netty.channel.AbstractChannelHandlerContext.invokeChannelRead(AbstractChannelHandlerContext.java:359) [netty-transport-4.1.6.Final.jar:4.1.6.Final]
	at io.netty.channel.AbstractChannelHandlerContext.fireChannelRead(AbstractChannelHandlerContext.java:351) [netty-transport-4.1.6.Final.jar:4.1.6.Final]
	at io.netty.handler.codec.ByteToMessageDecoder.fireChannelRead(ByteToMessageDecoder.java:293) [netty-codec-4.1.6.Final.jar:4.1.6.Final]
	at io.netty.handler.codec.ByteToMessageDecoder.channelRead(ByteToMessageDecoder.java:267) [netty-codec-4.1.6.Final.jar:4.1.6.Final]
	at io.netty.channel.AbstractChannelHandlerContext.invokeChannelRead(AbstractChannelHandlerContext.java:373) [netty-transport-4.1.6.Final.jar:4.1.6.Final]
	at io.netty.channel.AbstractChannelHandlerContext.invokeChannelRead(AbstractChannelHandlerContext.java:359) [netty-transport-4.1.6.Final.jar:4.1.6.Final]
	at io.netty.channel.AbstractChannelHandlerContext.fireChannelRead(AbstractChannelHandlerContext.java:351) [netty-transport-4.1.6.Final.jar:4.1.6.Final]
	at io.netty.channel.ChannelInboundHandlerAdapter.channelRead(ChannelInboundHandlerAdapter.java:86) [netty-transport-4.1.6.Final.jar:4.1.6.Final]
	at io.netty.channel.AbstractChannelHandlerContext.invokeChannelRead(AbstractChannelHandlerContext.java:373) [netty-transport-4.1.6.Final.jar:4.1.6.Final]
	at io.netty.channel.AbstractChannelHandlerContext.invokeChannelRead(AbstractChannelHandlerContext.java:359) [netty-transport-4.1.6.Final.jar:4.1.6.Final]
	at io.netty.channel.AbstractChannelHandlerContext.fireChannelRead(AbstractChannelHandlerContext.java:351) [netty-transport-4.1.6.Final.jar:4.1.6.Final]
	at io.netty.channel.DefaultChannelPipeline$HeadContext.channelRead(DefaultChannelPipeline.java:1334) [netty-transport-4.1.6.Final.jar:4.1.6.Final]
	at io.netty.channel.AbstractChannelHandlerContext.invokeChannelRead(AbstractChannelHandlerContext.java:373) [netty-transport-4.1.6.Final.jar:4.1.6.Final]
	at io.netty.channel.AbstractChannelHandlerContext.invokeChannelRead(AbstractChannelHandlerContext.java:359) [netty-transport-4.1.6.Final.jar:4.1.6.Final]
	at io.netty.channel.DefaultChannelPipeline.fireChannelRead(DefaultChannelPipeline.java:926) [netty-transport-4.1.6.Final.jar:4.1.6.Final]
	at io.netty.channel.nio.AbstractNioByteChannel$NioByteUnsafe.read(AbstractNioByteChannel.java:129) [netty-transport-4.1.6.Final.jar:4.1.6.Final]
	at io.netty.channel.nio.NioEventLoop.processSelectedKey(NioEventLoop.java:651) [netty-transport-4.1.6.Final.jar:4.1.6.Final]
	at io.netty.channel.nio.NioEventLoop.processSelectedKeysPlain(NioEventLoop.java:536) [netty-transport-4.1.6.Final.jar:4.1.6.Final]
	at io.netty.channel.nio.NioEventLoop.processSelectedKeys(NioEventLoop.java:490) [netty-transport-4.1.6.Final.jar:4.1.6.Final]
	at io.netty.channel.nio.NioEventLoop.run(NioEventLoop.java:450) [netty-transport-4.1.6.Final.jar:4.1.6.Final]
	at io.netty.util.concurrent.SingleThreadEventExecutor$5.run(SingleThreadEventExecutor.java:873) [netty-common-4.1.6.Final.jar:4.1.6.Final]
	at java.lang.Thread.run(Thread.java:748) [?:1.8.0_162]
[2018-05-04T17:22:35,412][WARN ][r.suppressed             ] path: /quchempedia_index/_search, params: {index=quchempedia_index}
com.fasterxml.jackson.core.io.JsonEOFException: Unexpected end-of-input in VALUE_STRING
 at [Source: org.elasticsearch.transport.netty4.ByteBufStreamInput@3a03c68c; line: 1, column: 127]
	at com.fasterxml.jackson.core.base.ParserMinimalBase._reportInvalidEOF(ParserMinimalBase.java:483) ~[jackson-core-2.8.1.jar:2.8.1]
	at com.fasterxml.jackson.core.base.ParserMinimalBase._reportInvalidEOF(ParserMinimalBase.java:460) ~[jackson-core-2.8.1.jar:2.8.1]
	at com.fasterxml.jackson.core.json.UTF8StreamJsonParser._loadMoreGuaranteed(UTF8StreamJsonParser.java:2400) ~[jackson-core-2.8.1.jar:2.8.1]
	at com.fasterxml.jackson.core.json.UTF8StreamJsonParser._finishString2(UTF8StreamJsonParser.java:2485) ~[jackson-core-2.8.1.jar:2.8.1]
	at com.fasterxml.jackson.core.json.UTF8StreamJsonParser._finishAndReturnString(UTF8StreamJsonParser.java:2465) ~[jackson-core-2.8.1.jar:2.8.1]
	at com.fasterxml.jackson.core.json.UTF8StreamJsonParser.getText(UTF8StreamJsonParser.java:315) ~[jackson-core-2.8.1.jar:2.8.1]
	at org.elasticsearch.common.xcontent.json.JsonXContentParser.text(JsonXContentParser.java:83) ~[elasticsearch-5.1.1.jar:5.1.1]
	at org.elasticsearch.common.xcontent.json.JsonXContentParser.objectText(JsonXContentParser.java:97) ~[elasticsearch-5.1.1.jar:5.1.1]
	at org.elasticsearch.index.query.MatchQueryBuilder.fromXContent(MatchQueryBuilder.java:605) ~[elasticsearch-5.1.1.jar:5.1.1]
	at org.elasticsearch.index.query.QueryParseContext.parseInnerQueryBuilder(QueryParseContext.java:120) ~[elasticsearch-5.1.1.jar:5.1.1]
	at org.elasticsearch.search.builder.SearchSourceBuilder.parseXContent(SearchSourceBuilder.java:994) ~[elasticsearch-5.1.1.jar:5.1.1]
	at org.elasticsearch.rest.action.search.RestSearchAction.parseSearchRequest(RestSearchAction.java:105) ~[elasticsearch-5.1.1.jar:5.1.1]
	at org.elasticsearch.rest.action.search.RestSearchAction.prepareRequest(RestSearchAction.java:81) ~[elasticsearch-5.1.1.jar:5.1.1]
	at org.elasticsearch.rest.BaseRestHandler.handleRequest(BaseRestHandler.java:66) ~[elasticsearch-5.1.1.jar:5.1.1]
	at org.elasticsearch.rest.RestController.executeHandler(RestController.java:243) ~[elasticsearch-5.1.1.jar:5.1.1]
	at org.elasticsearch.rest.RestController.dispatchRequest(RestController.java:200) [elasticsearch-5.1.1.jar:5.1.1]
	at org.elasticsearch.http.HttpServer.dispatchRequest(HttpServer.java:113) [elasticsearch-5.1.1.jar:5.1.1]
	at org.elasticsearch.http.netty4.Netty4HttpServerTransport.dispatchRequest(Netty4HttpServerTransport.java:507) [transport-netty4-5.1.1.jar:5.1.1]
	at org.elasticsearch.http.netty4.Netty4HttpRequestHandler.channelRead0(Netty4HttpRequestHandler.java:69) [transport-netty4-5.1.1.jar:5.1.1]
	at io.netty.channel.SimpleChannelInboundHandler.channelRead(SimpleChannelInboundHandler.java:105) [netty-transport-4.1.6.Final.jar:4.1.6.Final]
	at io.netty.channel.AbstractChannelHandlerContext.invokeChannelRead(AbstractChannelHandlerContext.java:373) [netty-transport-4.1.6.Final.jar:4.1.6.Final]
	at io.netty.channel.AbstractChannelHandlerContext.invokeChannelRead(AbstractChannelHandlerContext.java:359) [netty-transport-4.1.6.Final.jar:4.1.6.Final]
	at io.netty.channel.AbstractChannelHandlerContext.fireChannelRead(AbstractChannelHandlerContext.java:351) [netty-transport-4.1.6.Final.jar:4.1.6.Final]
	at org.elasticsearch.http.netty4.pipelining.HttpPipeliningHandler.channelRead(HttpPipeliningHandler.java:66) [transport-netty4-5.1.1.jar:5.1.1]
	at io.netty.channel.AbstractChannelHandlerContext.invokeChannelRead(AbstractChannelHandlerContext.java:373) [netty-transport-4.1.6.Final.jar:4.1.6.Final]
	at io.netty.channel.AbstractChannelHandlerContext.invokeChannelRead(AbstractChannelHandlerContext.java:359) [netty-transport-4.1.6.Final.jar:4.1.6.Final]
	at io.netty.channel.AbstractChannelHandlerContext.fireChannelRead(AbstractChannelHandlerContext.java:351) [netty-transport-4.1.6.Final.jar:4.1.6.Final]
	at io.netty.handler.codec.MessageToMessageDecoder.channelRead(MessageToMessageDecoder.java:102) [netty-codec-4.1.6.Final.jar:4.1.6.Final]
	at io.netty.handler.codec.MessageToMessageCodec.channelRead(MessageToMessageCodec.java:111) [netty-codec-4.1.6.Final.jar:4.1.6.Final]
	at io.netty.channel.AbstractChannelHandlerContext.invokeChannelRead(AbstractChannelHandlerContext.java:373) [netty-transport-4.1.6.Final.jar:4.1.6.Final]
	at io.netty.channel.AbstractChannelHandlerContext.invokeChannelRead(AbstractChannelHandlerContext.java:359) [netty-transport-4.1.6.Final.jar:4.1.6.Final]
	at io.netty.channel.AbstractChannelHandlerContext.fireChannelRead(AbstractChannelHandlerContext.java:351) [netty-transport-4.1.6.Final.jar:4.1.6.Final]
	at io.netty.handler.codec.MessageToMessageDecoder.channelRead(MessageToMessageDecoder.java:102) [netty-codec-4.1.6.Final.jar:4.1.6.Final]
	at io.netty.channel.AbstractChannelHandlerContext.invokeChannelRead(AbstractChannelHandlerContext.java:373) [netty-transport-4.1.6.Final.jar:4.1.6.Final]
	at io.netty.channel.AbstractChannelHandlerContext.invokeChannelRead(AbstractChannelHandlerContext.java:359) [netty-transport-4.1.6.Final.jar:4.1.6.Final]
	at io.netty.channel.AbstractChannelHandlerContext.fireChannelRead(AbstractChannelHandlerContext.java:351) [netty-transport-4.1.6.Final.jar:4.1.6.Final]
	at io.netty.handler.codec.MessageToMessageDecoder.channelRead(MessageToMessageDecoder.java:102) [netty-codec-4.1.6.Final.jar:4.1.6.Final]
	at io.netty.channel.AbstractChannelHandlerContext.invokeChannelRead(AbstractChannelHandlerContext.java:373) [netty-transport-4.1.6.Final.jar:4.1.6.Final]
	at io.netty.channel.AbstractChannelHandlerContext.invokeChannelRead(AbstractChannelHandlerContext.java:359) [netty-transport-4.1.6.Final.jar:4.1.6.Final]
	at io.netty.channel.AbstractChannelHandlerContext.fireChannelRead(AbstractChannelHandlerContext.java:351) [netty-transport-4.1.6.Final.jar:4.1.6.Final]
	at io.netty.handler.codec.ByteToMessageDecoder.fireChannelRead(ByteToMessageDecoder.java:293) [netty-codec-4.1.6.Final.jar:4.1.6.Final]
	at io.netty.handler.codec.ByteToMessageDecoder.channelRead(ByteToMessageDecoder.java:267) [netty-codec-4.1.6.Final.jar:4.1.6.Final]
	at io.netty.channel.AbstractChannelHandlerContext.invokeChannelRead(AbstractChannelHandlerContext.java:373) [netty-transport-4.1.6.Final.jar:4.1.6.Final]
	at io.netty.channel.AbstractChannelHandlerContext.invokeChannelRead(AbstractChannelHandlerContext.java:359) [netty-transport-4.1.6.Final.jar:4.1.6.Final]
	at io.netty.channel.AbstractChannelHandlerContext.fireChannelRead(AbstractChannelHandlerContext.java:351) [netty-transport-4.1.6.Final.jar:4.1.6.Final]
	at io.netty.channel.ChannelInboundHandlerAdapter.channelRead(ChannelInboundHandlerAdapter.java:86) [netty-transport-4.1.6.Final.jar:4.1.6.Final]
	at io.netty.channel.AbstractChannelHandlerContext.invokeChannelRead(AbstractChannelHandlerContext.java:373) [netty-transport-4.1.6.Final.jar:4.1.6.Final]
	at io.netty.channel.AbstractChannelHandlerContext.invokeChannelRead(AbstractChannelHandlerContext.java:359) [netty-transport-4.1.6.Final.jar:4.1.6.Final]
	at io.netty.channel.AbstractChannelHandlerContext.fireChannelRead(AbstractChannelHandlerContext.java:351) [netty-transport-4.1.6.Final.jar:4.1.6.Final]
	at io.netty.channel.DefaultChannelPipeline$HeadContext.channelRead(DefaultChannelPipeline.java:1334) [netty-transport-4.1.6.Final.jar:4.1.6.Final]
	at io.netty.channel.AbstractChannelHandlerContext.invokeChannelRead(AbstractChannelHandlerContext.java:373) [netty-transport-4.1.6.Final.jar:4.1.6.Final]
	at io.netty.channel.AbstractChannelHandlerContext.invokeChannelRead(AbstractChannelHandlerContext.java:359) [netty-transport-4.1.6.Final.jar:4.1.6.Final]
	at io.netty.channel.DefaultChannelPipeline.fireChannelRead(DefaultChannelPipeline.java:926) [netty-transport-4.1.6.Final.jar:4.1.6.Final]
	at io.netty.channel.nio.AbstractNioByteChannel$NioByteUnsafe.read(AbstractNioByteChannel.java:129) [netty-transport-4.1.6.Final.jar:4.1.6.Final]
	at io.netty.channel.nio.NioEventLoop.processSelectedKey(NioEventLoop.java:651) [netty-transport-4.1.6.Final.jar:4.1.6.Final]
	at io.netty.channel.nio.NioEventLoop.processSelectedKeysPlain(NioEventLoop.java:536) [netty-transport-4.1.6.Final.jar:4.1.6.Final]
	at io.netty.channel.nio.NioEventLoop.processSelectedKeys(NioEventLoop.java:490) [netty-transport-4.1.6.Final.jar:4.1.6.Final]
	at io.netty.channel.nio.NioEventLoop.run(NioEventLoop.java:450) [netty-transport-4.1.6.Final.jar:4.1.6.Final]
	at io.netty.util.concurrent.SingleThreadEventExecutor$5.run(SingleThreadEventExecutor.java:873) [netty-common-4.1.6.Final.jar:4.1.6.Final]
	at java.lang.Thread.run(Thread.java:748) [?:1.8.0_162]
[2018-05-04T17:22:59,613][WARN ][r.suppressed             ] path: /quchempedia_index/_search, params: {index=quchempedia_index}
com.fasterxml.jackson.core.JsonParseException: Unexpected character (''' (code 39)): was expecting double-quote to start field name
 at [Source: org.elasticsearch.transport.netty4.ByteBufStreamInput@2463c929; line: 1, column: 3]
	at com.fasterxml.jackson.core.JsonParser._constructError(JsonParser.java:1702) ~[jackson-core-2.8.1.jar:2.8.1]
	at com.fasterxml.jackson.core.base.ParserMinimalBase._reportError(ParserMinimalBase.java:558) ~[jackson-core-2.8.1.jar:2.8.1]
	at com.fasterxml.jackson.core.base.ParserMinimalBase._reportUnexpectedChar(ParserMinimalBase.java:456) ~[jackson-core-2.8.1.jar:2.8.1]
	at com.fasterxml.jackson.core.json.UTF8StreamJsonParser._handleOddName(UTF8StreamJsonParser.java:2050) ~[jackson-core-2.8.1.jar:2.8.1]
	at com.fasterxml.jackson.core.json.UTF8StreamJsonParser._parseName(UTF8StreamJsonParser.java:1697) ~[jackson-core-2.8.1.jar:2.8.1]
	at com.fasterxml.jackson.core.json.UTF8StreamJsonParser.nextToken(UTF8StreamJsonParser.java:776) ~[jackson-core-2.8.1.jar:2.8.1]
	at org.elasticsearch.common.xcontent.json.JsonXContentParser.nextToken(JsonXContentParser.java:52) ~[elasticsearch-5.1.1.jar:5.1.1]
	at org.elasticsearch.search.builder.SearchSourceBuilder.parseXContent(SearchSourceBuilder.java:955) ~[elasticsearch-5.1.1.jar:5.1.1]
	at org.elasticsearch.rest.action.search.RestSearchAction.parseSearchRequest(RestSearchAction.java:105) ~[elasticsearch-5.1.1.jar:5.1.1]
	at org.elasticsearch.rest.action.search.RestSearchAction.prepareRequest(RestSearchAction.java:81) ~[elasticsearch-5.1.1.jar:5.1.1]
	at org.elasticsearch.rest.BaseRestHandler.handleRequest(BaseRestHandler.java:66) ~[elasticsearch-5.1.1.jar:5.1.1]
	at org.elasticsearch.rest.RestController.executeHandler(RestController.java:243) ~[elasticsearch-5.1.1.jar:5.1.1]
	at org.elasticsearch.rest.RestController.dispatchRequest(RestController.java:200) [elasticsearch-5.1.1.jar:5.1.1]
	at org.elasticsearch.http.HttpServer.dispatchRequest(HttpServer.java:113) [elasticsearch-5.1.1.jar:5.1.1]
	at org.elasticsearch.http.netty4.Netty4HttpServerTransport.dispatchRequest(Netty4HttpServerTransport.java:507) [transport-netty4-5.1.1.jar:5.1.1]
	at org.elasticsearch.http.netty4.Netty4HttpRequestHandler.channelRead0(Netty4HttpRequestHandler.java:69) [transport-netty4-5.1.1.jar:5.1.1]
	at io.netty.channel.SimpleChannelInboundHandler.channelRead(SimpleChannelInboundHandler.java:105) [netty-transport-4.1.6.Final.jar:4.1.6.Final]
	at io.netty.channel.AbstractChannelHandlerContext.invokeChannelRead(AbstractChannelHandlerContext.java:373) [netty-transport-4.1.6.Final.jar:4.1.6.Final]
	at io.netty.channel.AbstractChannelHandlerContext.invokeChannelRead(AbstractChannelHandlerContext.java:359) [netty-transport-4.1.6.Final.jar:4.1.6.Final]
	at io.netty.channel.AbstractChannelHandlerContext.fireChannelRead(AbstractChannelHandlerContext.java:351) [netty-transport-4.1.6.Final.jar:4.1.6.Final]
	at org.elasticsearch.http.netty4.pipelining.HttpPipeliningHandler.channelRead(HttpPipeliningHandler.java:66) [transport-netty4-5.1.1.jar:5.1.1]
	at io.netty.channel.AbstractChannelHandlerContext.invokeChannelRead(AbstractChannelHandlerContext.java:373) [netty-transport-4.1.6.Final.jar:4.1.6.Final]
	at io.netty.channel.AbstractChannelHandlerContext.invokeChannelRead(AbstractChannelHandlerContext.java:359) [netty-transport-4.1.6.Final.jar:4.1.6.Final]
	at io.netty.channel.AbstractChannelHandlerContext.fireChannelRead(AbstractChannelHandlerContext.java:351) [netty-transport-4.1.6.Final.jar:4.1.6.Final]
	at io.netty.handler.codec.MessageToMessageDecoder.channelRead(MessageToMessageDecoder.java:102) [netty-codec-4.1.6.Final.jar:4.1.6.Final]
	at io.netty.handler.codec.MessageToMessageCodec.channelRead(MessageToMessageCodec.java:111) [netty-codec-4.1.6.Final.jar:4.1.6.Final]
	at io.netty.channel.AbstractChannelHandlerContext.invokeChannelRead(AbstractChannelHandlerContext.java:373) [netty-transport-4.1.6.Final.jar:4.1.6.Final]
	at io.netty.channel.AbstractChannelHandlerContext.invokeChannelRead(AbstractChannelHandlerContext.java:359) [netty-transport-4.1.6.Final.jar:4.1.6.Final]
	at io.netty.channel.AbstractChannelHandlerContext.fireChannelRead(AbstractChannelHandlerContext.java:351) [netty-transport-4.1.6.Final.jar:4.1.6.Final]
	at io.netty.handler.codec.MessageToMessageDecoder.channelRead(MessageToMessageDecoder.java:102) [netty-codec-4.1.6.Final.jar:4.1.6.Final]
	at io.netty.channel.AbstractChannelHandlerContext.invokeChannelRead(AbstractChannelHandlerContext.java:373) [netty-transport-4.1.6.Final.jar:4.1.6.Final]
	at io.netty.channel.AbstractChannelHandlerContext.invokeChannelRead(AbstractChannelHandlerContext.java:359) [netty-transport-4.1.6.Final.jar:4.1.6.Final]
	at io.netty.channel.AbstractChannelHandlerContext.fireChannelRead(AbstractChannelHandlerContext.java:351) [netty-transport-4.1.6.Final.jar:4.1.6.Final]
	at io.netty.handler.codec.MessageToMessageDecoder.channelRead(MessageToMessageDecoder.java:102) [netty-codec-4.1.6.Final.jar:4.1.6.Final]
	at io.netty.channel.AbstractChannelHandlerContext.invokeChannelRead(AbstractChannelHandlerContext.java:373) [netty-transport-4.1.6.Final.jar:4.1.6.Final]
	at io.netty.channel.AbstractChannelHandlerContext.invokeChannelRead(AbstractChannelHandlerContext.java:359) [netty-transport-4.1.6.Final.jar:4.1.6.Final]
	at io.netty.channel.AbstractChannelHandlerContext.fireChannelRead(AbstractChannelHandlerContext.java:351) [netty-transport-4.1.6.Final.jar:4.1.6.Final]
	at io.netty.handler.codec.ByteToMessageDecoder.fireChannelRead(ByteToMessageDecoder.java:293) [netty-codec-4.1.6.Final.jar:4.1.6.Final]
	at io.netty.handler.codec.ByteToMessageDecoder.channelRead(ByteToMessageDecoder.java:267) [netty-codec-4.1.6.Final.jar:4.1.6.Final]
	at io.netty.channel.AbstractChannelHandlerContext.invokeChannelRead(AbstractChannelHandlerContext.java:373) [netty-transport-4.1.6.Final.jar:4.1.6.Final]
	at io.netty.channel.AbstractChannelHandlerContext.invokeChannelRead(AbstractChannelHandlerContext.java:359) [netty-transport-4.1.6.Final.jar:4.1.6.Final]
	at io.netty.channel.AbstractChannelHandlerContext.fireChannelRead(AbstractChannelHandlerContext.java:351) [netty-transport-4.1.6.Final.jar:4.1.6.Final]
	at io.netty.channel.ChannelInboundHandlerAdapter.channelRead(ChannelInboundHandlerAdapter.java:86) [netty-transport-4.1.6.Final.jar:4.1.6.Final]
	at io.netty.channel.AbstractChannelHandlerContext.invokeChannelRead(AbstractChannelHandlerContext.java:373) [netty-transport-4.1.6.Final.jar:4.1.6.Final]
	at io.netty.channel.AbstractChannelHandlerContext.invokeChannelRead(AbstractChannelHandlerContext.java:359) [netty-transport-4.1.6.Final.jar:4.1.6.Final]
	at io.netty.channel.AbstractChannelHandlerContext.fireChannelRead(AbstractChannelHandlerContext.java:351) [netty-transport-4.1.6.Final.jar:4.1.6.Final]
	at io.netty.channel.DefaultChannelPipeline$HeadContext.channelRead(DefaultChannelPipeline.java:1334) [netty-transport-4.1.6.Final.jar:4.1.6.Final]
	at io.netty.channel.AbstractChannelHandlerContext.invokeChannelRead(AbstractChannelHandlerContext.java:373) [netty-transport-4.1.6.Final.jar:4.1.6.Final]
	at io.netty.channel.AbstractChannelHandlerContext.invokeChannelRead(AbstractChannelHandlerContext.java:359) [netty-transport-4.1.6.Final.jar:4.1.6.Final]
	at io.netty.channel.DefaultChannelPipeline.fireChannelRead(DefaultChannelPipeline.java:926) [netty-transport-4.1.6.Final.jar:4.1.6.Final]
	at io.netty.channel.nio.AbstractNioByteChannel$NioByteUnsafe.read(AbstractNioByteChannel.java:129) [netty-transport-4.1.6.Final.jar:4.1.6.Final]
	at io.netty.channel.nio.NioEventLoop.processSelectedKey(NioEventLoop.java:651) [netty-transport-4.1.6.Final.jar:4.1.6.Final]
	at io.netty.channel.nio.NioEventLoop.processSelectedKeysPlain(NioEventLoop.java:536) [netty-transport-4.1.6.Final.jar:4.1.6.Final]
	at io.netty.channel.nio.NioEventLoop.processSelectedKeys(NioEventLoop.java:490) [netty-transport-4.1.6.Final.jar:4.1.6.Final]
	at io.netty.channel.nio.NioEventLoop.run(NioEventLoop.java:450) [netty-transport-4.1.6.Final.jar:4.1.6.Final]
	at io.netty.util.concurrent.SingleThreadEventExecutor$5.run(SingleThreadEventExecutor.java:873) [netty-common-4.1.6.Final.jar:4.1.6.Final]
	at java.lang.Thread.run(Thread.java:748) [?:1.8.0_162]
[2018-05-04T17:39:05,740][INFO ][o.e.n.Node               ] [EpSLy7b] stopping ...
[2018-05-04T17:39:05,846][INFO ][o.e.n.Node               ] [EpSLy7b] stopped
[2018-05-04T17:39:05,850][INFO ][o.e.n.Node               ] [EpSLy7b] closing ...
[2018-05-04T17:39:05,861][INFO ][o.e.n.Node               ] [EpSLy7b] closed
