[2018-08-27T15:07:48,848][INFO ][o.e.n.Node               ] [] initializing ...
[2018-08-27T15:07:48,913][INFO ][o.e.e.NodeEnvironment    ] [DcblvXR] using [1] data paths, mounts [[/ (/dev/sda1)]], net usable_space [99.1gb], net total_space [133.8gb], types [ext4]
[2018-08-27T15:07:48,915][INFO ][o.e.e.NodeEnvironment    ] [DcblvXR] heap size [990.7mb], compressed ordinary object pointers [true]
[2018-08-27T15:07:48,917][INFO ][o.e.n.Node               ] [DcblvXR] node name derived from node ID [DcblvXRGSr-C2SK_sy6OuQ]; set [node.name] to override
[2018-08-27T15:07:48,918][INFO ][o.e.n.Node               ] [DcblvXR] version[6.3.2], pid[17603], build[default/zip/053779d/2018-07-20T05:20:23.451332Z], OS[Linux/4.15.0-33-generic/amd64], JVM[Oracle Corporation/OpenJDK 64-Bit Server VM/1.8.0_181/25.181-b13]
[2018-08-27T15:07:48,919][INFO ][o.e.n.Node               ] [DcblvXR] JVM arguments [-Xms1g, -Xmx1g, -XX:+UseConcMarkSweepGC, -XX:CMSInitiatingOccupancyFraction=75, -XX:+UseCMSInitiatingOccupancyOnly, -XX:+AlwaysPreTouch, -Xss1m, -Djava.awt.headless=true, -Dfile.encoding=UTF-8, -Djna.nosys=true, -XX:-OmitStackTraceInFastThrow, -Dio.netty.noUnsafe=true, -Dio.netty.noKeySetOptimization=true, -Dio.netty.recycler.maxCapacityPerThread=0, -Dlog4j.shutdownHookEnabled=false, -Dlog4j2.disable.jmx=true, -Djava.io.tmpdir=/tmp/elasticsearch.viL7clZw, -XX:+HeapDumpOnOutOfMemoryError, -XX:HeapDumpPath=data, -XX:ErrorFile=logs/hs_err_pid%p.log, -XX:+PrintGCDetails, -XX:+PrintGCDateStamps, -XX:+PrintTenuringDistribution, -XX:+PrintGCApplicationStoppedTime, -Xloggc:logs/gc.log, -XX:+UseGCLogFileRotation, -XX:NumberOfGCLogFiles=32, -XX:GCLogFileSize=64m, -Des.path.home=/home/etudiant/Documents/stage/QuChemPedIAProjectElastic/elasticsearch-6.3.2, -Des.path.conf=/home/etudiant/Documents/stage/QuChemPedIAProjectElastic/elasticsearch-6.3.2/config, -Des.distribution.flavor=default, -Des.distribution.type=zip]
[2018-08-27T15:07:51,237][INFO ][o.e.p.PluginsService     ] [DcblvXR] loaded module [aggs-matrix-stats]
[2018-08-27T15:07:51,237][INFO ][o.e.p.PluginsService     ] [DcblvXR] loaded module [analysis-common]
[2018-08-27T15:07:51,237][INFO ][o.e.p.PluginsService     ] [DcblvXR] loaded module [ingest-common]
[2018-08-27T15:07:51,237][INFO ][o.e.p.PluginsService     ] [DcblvXR] loaded module [lang-expression]
[2018-08-27T15:07:51,238][INFO ][o.e.p.PluginsService     ] [DcblvXR] loaded module [lang-mustache]
[2018-08-27T15:07:51,238][INFO ][o.e.p.PluginsService     ] [DcblvXR] loaded module [lang-painless]
[2018-08-27T15:07:51,238][INFO ][o.e.p.PluginsService     ] [DcblvXR] loaded module [mapper-extras]
[2018-08-27T15:07:51,238][INFO ][o.e.p.PluginsService     ] [DcblvXR] loaded module [parent-join]
[2018-08-27T15:07:51,238][INFO ][o.e.p.PluginsService     ] [DcblvXR] loaded module [percolator]
[2018-08-27T15:07:51,238][INFO ][o.e.p.PluginsService     ] [DcblvXR] loaded module [rank-eval]
[2018-08-27T15:07:51,238][INFO ][o.e.p.PluginsService     ] [DcblvXR] loaded module [reindex]
[2018-08-27T15:07:51,239][INFO ][o.e.p.PluginsService     ] [DcblvXR] loaded module [repository-url]
[2018-08-27T15:07:51,239][INFO ][o.e.p.PluginsService     ] [DcblvXR] loaded module [transport-netty4]
[2018-08-27T15:07:51,239][INFO ][o.e.p.PluginsService     ] [DcblvXR] loaded module [tribe]
[2018-08-27T15:07:51,239][INFO ][o.e.p.PluginsService     ] [DcblvXR] loaded module [x-pack-core]
[2018-08-27T15:07:51,239][INFO ][o.e.p.PluginsService     ] [DcblvXR] loaded module [x-pack-deprecation]
[2018-08-27T15:07:51,239][INFO ][o.e.p.PluginsService     ] [DcblvXR] loaded module [x-pack-graph]
[2018-08-27T15:07:51,239][INFO ][o.e.p.PluginsService     ] [DcblvXR] loaded module [x-pack-logstash]
[2018-08-27T15:07:51,239][INFO ][o.e.p.PluginsService     ] [DcblvXR] loaded module [x-pack-ml]
[2018-08-27T15:07:51,239][INFO ][o.e.p.PluginsService     ] [DcblvXR] loaded module [x-pack-monitoring]
[2018-08-27T15:07:51,239][INFO ][o.e.p.PluginsService     ] [DcblvXR] loaded module [x-pack-rollup]
[2018-08-27T15:07:51,239][INFO ][o.e.p.PluginsService     ] [DcblvXR] loaded module [x-pack-security]
[2018-08-27T15:07:51,240][INFO ][o.e.p.PluginsService     ] [DcblvXR] loaded module [x-pack-sql]
[2018-08-27T15:07:51,240][INFO ][o.e.p.PluginsService     ] [DcblvXR] loaded module [x-pack-upgrade]
[2018-08-27T15:07:51,240][INFO ][o.e.p.PluginsService     ] [DcblvXR] loaded module [x-pack-watcher]
[2018-08-27T15:07:51,240][INFO ][o.e.p.PluginsService     ] [DcblvXR] no plugins loaded
[2018-08-27T15:07:54,248][INFO ][o.e.x.s.a.s.FileRolesStore] [DcblvXR] parsed [0] roles from file [/home/etudiant/Documents/stage/QuChemPedIAProjectElastic/elasticsearch-6.3.2/config/roles.yml]
[2018-08-27T15:07:54,631][INFO ][o.e.x.m.j.p.l.CppLogMessageHandler] [controller/17667] [Main.cc@109] controller (64 bit): Version 6.3.2 (Build 903094f295d249) Copyright (c) 2018 Elasticsearch BV
[2018-08-27T15:07:55,087][DEBUG][o.e.a.ActionModule       ] Using REST wrapper from plugin org.elasticsearch.xpack.security.Security
[2018-08-27T15:07:55,377][INFO ][o.e.d.DiscoveryModule    ] [DcblvXR] using discovery type [zen]
[2018-08-27T15:07:56,301][INFO ][o.e.n.Node               ] [DcblvXR] initialized
[2018-08-27T15:07:56,302][INFO ][o.e.n.Node               ] [DcblvXR] starting ...
[2018-08-27T15:07:56,541][INFO ][o.e.t.TransportService   ] [DcblvXR] publish_address {127.0.0.1:9300}, bound_addresses {[::1]:9300}, {127.0.0.1:9300}
[2018-08-27T15:07:56,560][WARN ][o.e.b.BootstrapChecks    ] [DcblvXR] max virtual memory areas vm.max_map_count [65530] is too low, increase to at least [262144]
[2018-08-27T15:07:59,637][INFO ][o.e.c.s.MasterService    ] [DcblvXR] zen-disco-elected-as-master ([0] nodes joined)[, ], reason: new_master {DcblvXR}{DcblvXRGSr-C2SK_sy6OuQ}{D4mWovioSWaBbFg-UvNe7Q}{127.0.0.1}{127.0.0.1:9300}{ml.machine_memory=8291999744, xpack.installed=true, ml.max_open_jobs=20, ml.enabled=true}
[2018-08-27T15:07:59,643][INFO ][o.e.c.s.ClusterApplierService] [DcblvXR] new_master {DcblvXR}{DcblvXRGSr-C2SK_sy6OuQ}{D4mWovioSWaBbFg-UvNe7Q}{127.0.0.1}{127.0.0.1:9300}{ml.machine_memory=8291999744, xpack.installed=true, ml.max_open_jobs=20, ml.enabled=true}, reason: apply cluster state (from master [master {DcblvXR}{DcblvXRGSr-C2SK_sy6OuQ}{D4mWovioSWaBbFg-UvNe7Q}{127.0.0.1}{127.0.0.1:9300}{ml.machine_memory=8291999744, xpack.installed=true, ml.max_open_jobs=20, ml.enabled=true} committed version [1] source [zen-disco-elected-as-master ([0] nodes joined)[, ]]])
[2018-08-27T15:07:59,668][INFO ][o.e.x.s.t.n.SecurityNetty4HttpServerTransport] [DcblvXR] publish_address {127.0.0.1:9200}, bound_addresses {[::1]:9200}, {127.0.0.1:9200}
[2018-08-27T15:07:59,668][INFO ][o.e.n.Node               ] [DcblvXR] started
[2018-08-27T15:07:59,692][WARN ][o.e.x.s.a.s.m.NativeRoleMappingStore] [DcblvXR] Failed to clear cache for realms [[]]
[2018-08-27T15:07:59,761][INFO ][o.e.g.GatewayService     ] [DcblvXR] recovered [0] indices into cluster_state
[2018-08-27T15:07:59,927][INFO ][o.e.c.m.MetaDataIndexTemplateService] [DcblvXR] adding template [.watch-history-7] for index patterns [.watcher-history-7*]
[2018-08-27T15:07:59,988][INFO ][o.e.c.m.MetaDataIndexTemplateService] [DcblvXR] adding template [.triggered_watches] for index patterns [.triggered_watches*]
[2018-08-27T15:08:00,026][INFO ][o.e.c.m.MetaDataIndexTemplateService] [DcblvXR] adding template [.watches] for index patterns [.watches*]
[2018-08-27T15:08:00,089][INFO ][o.e.c.m.MetaDataIndexTemplateService] [DcblvXR] adding template [.monitoring-logstash] for index patterns [.monitoring-logstash-6-*]
[2018-08-27T15:08:00,132][INFO ][o.e.c.m.MetaDataIndexTemplateService] [DcblvXR] adding template [.monitoring-es] for index patterns [.monitoring-es-6-*]
[2018-08-27T15:08:00,166][INFO ][o.e.c.m.MetaDataIndexTemplateService] [DcblvXR] adding template [.monitoring-beats] for index patterns [.monitoring-beats-6-*]
[2018-08-27T15:08:00,257][INFO ][o.e.c.m.MetaDataIndexTemplateService] [DcblvXR] adding template [.monitoring-alerts] for index patterns [.monitoring-alerts-6]
[2018-08-27T15:08:00,305][INFO ][o.e.c.m.MetaDataIndexTemplateService] [DcblvXR] adding template [.monitoring-kibana] for index patterns [.monitoring-kibana-6-*]
[2018-08-27T15:08:00,384][INFO ][o.e.l.LicenseService     ] [DcblvXR] license [fbb73695-1248-465c-96d2-fd35e96edce8] mode [basic] - valid
[2018-08-27T15:23:07,778][INFO ][o.e.c.m.MetaDataCreateIndexService] [DcblvXR] [quchempedia_index] creating index, cause [api], templates [], shards [5]/[1], mappings []
[2018-08-27T15:23:08,383][INFO ][o.e.c.m.MetaDataMappingService] [DcblvXR] [quchempedia_index/ESPs3FU8QdiKjKqJCNoagw] create_mapping [log_file]
[2018-08-27T17:03:47,705][INFO ][o.e.x.m.j.p.NativeController] Native controller process has stopped - no new native processes can be started
[2018-08-27T17:03:47,718][INFO ][o.e.n.Node               ] [DcblvXR] stopping ...
[2018-08-27T17:03:47,800][INFO ][o.e.x.w.WatcherService   ] [DcblvXR] stopping watch service, reason [shutdown initiated]
[2018-08-27T17:03:48,052][INFO ][o.e.n.Node               ] [DcblvXR] stopped
[2018-08-27T17:03:48,066][INFO ][o.e.n.Node               ] [DcblvXR] closing ...
[2018-08-27T17:03:48,090][INFO ][o.e.n.Node               ] [DcblvXR] closed
